------------------------------------------------------------------------------------------------------------------------

[odb:store.file:info] Copying database file D:\Workspace\MarketRobbot\apk.odb -> D:\Workspace\MarketRobbot\apk.odr\1.odb...
[odb:store.file:info] Copying database file completed.
[odb:store:info] Database 'D:\Workspace\MarketRobbot\apk.odb' is opened by 3288@Admin-PC
[odb:type:warning] Type org.fxp.android.apk.ApkBean is not enhanced.
------------------------------------------------------------------------------------------------------------------------

[odb:type:warning] Type org.fxp.android.apk.ApkBean is not enhanced.
------------------------------------------------------------------------------------------------------------------------

[odb:type:warning] Type org.fxp.android.apk.ApkBean is not enhanced.
------------------------------------------------------------------------------------------------------------------------

[odb:type:warning] Type org.fxp.android.apk.ApkBean is not enhanced.
------------------------------------------------------------------------------------------------------------------------

[odb:type:warning] Type org.fxp.android.apk.ApkBean is not enhanced.
------------------------------------------------------------------------------------------------------------------------

[odb:type:warning] Type org.fxp.android.apk.ApkBean is not enhanced.
------------------------------------------------------------------------------------------------------------------------

[odb:type:warning] Type org.fxp.android.apk.ApkBean is not enhanced.
------------------------------------------------------------------------------------------------------------------------

[odb:type:warning] Type org.fxp.android.apk.ApkBean is not enhanced.
------------------------------------------------------------------------------------------------------------------------

[odb:type:warning] Type org.fxp.android.apk.ApkBean is not enhanced.
[odb:type:warning] Type org.fxp.android.apk.db.ApkFile is not enhanced.
------------------------------------------------------------------------------------------------------------------------

[odb:type:warning] Type org.fxp.android.apk.ApkBean is not enhanced.
[odb:type:warning] Type org.fxp.android.apk.db.ApkFile is not enhanced.
------------------------------------------------------------------------------------------------------------------------

[odb:type:warning] Type org.fxp.android.apk.ApkBean is not enhanced.
[odb:type:warning] Type org.fxp.android.apk.db.ApkFile is not enhanced.
------------------------------------------------------------------------------------------------------------------------

[odb:type:warning] Type org.fxp.android.apk.ApkBean is not enhanced.
[odb:type:warning] Type org.fxp.android.apk.db.ApkFile is not enhanced.
------------------------------------------------------------------------------------------------------------------------

[odb:type:warning] Type org.fxp.android.apk.ApkBean is not enhanced.
[odb:type:warning] Type org.fxp.android.apk.db.ApkFile is not enhanced.
------------------------------------------------------------------------------------------------------------------------

[odb:type:warning] Type org.fxp.android.apk.ApkBean is not enhanced.
[odb:type:warning] Type org.fxp.android.apk.db.ApkFile is not enhanced.
------------------------------------------------------------------------------------------------------------------------

[odb:type:warning] Type org.fxp.android.apk.ApkBean is not enhanced.
[odb:type:warning] Type org.fxp.android.apk.db.ApkFile is not enhanced.
------------------------------------------------------------------------------------------------------------------------

[odb:type:warning] Type org.fxp.android.apk.ApkBean is not enhanced.
[odb:type:warning] Type org.fxp.android.apk.db.ApkFile is not enhanced.
------------------------------------------------------------------------------------------------------------------------

[odb:type:warning] Type org.fxp.android.apk.ApkBean is not enhanced.
[odb:type:warning] Type org.fxp.android.apk.db.ApkFile is not enhanced.
------------------------------------------------------------------------------------------------------------------------

[odb:type:warning] Type org.fxp.android.apk.ApkBean is not enhanced.
[odb:type:warning] Type org.fxp.android.apk.db.ApkFile is not enhanced.
------------------------------------------------------------------------------------------------------------------------

[odb:type:warning] Type org.fxp.android.apk.ApkBean is not enhanced.
[odb:type:warning] Type org.fxp.android.apk.db.ApkFile is not enhanced.
------------------------------------------------------------------------------------------------------------------------

[odb:type:warning] Type org.fxp.android.apk.ApkBean is not enhanced.
[odb:type:warning] Type org.fxp.android.apk.db.ApkFile is not enhanced.
------------------------------------------------------------------------------------------------------------------------

[odb:type:warning] Type org.fxp.android.apk.ApkBean is not enhanced.
[odb:type:warning] Type org.fxp.android.apk.db.ApkFile is not enhanced.
------------------------------------------------------------------------------------------------------------------------

[odb:type:warning] Type org.fxp.android.apk.ApkBean is not enhanced.
[odb:type:warning] Type org.fxp.android.apk.db.ApkFile is not enhanced.
------------------------------------------------------------------------------------------------------------------------

[odb:type:warning] Type org.fxp.android.apk.ApkBean is not enhanced.
[odb:type:warning] Type org.fxp.android.apk.db.ApkFile is not enhanced.
------------------------------------------------------------------------------------------------------------------------

[odb:type:warning] Type org.fxp.android.apk.ApkBean is not enhanced.
[odb:type:warning] Type org.fxp.android.apk.db.ApkFile is not enhanced.
------------------------------------------------------------------------------------------------------------------------

[odb:type:warning] Type org.fxp.android.apk.ApkBean is not enhanced.
[odb:type:warning] Type org.fxp.android.apk.db.ApkFile is not enhanced.
------------------------------------------------------------------------------------------------------------------------

[odb:type:warning] Type org.fxp.android.apk.ApkBean is not enhanced.
[odb:type:warning] Type org.fxp.android.apk.db.ApkFile is not enhanced.
------------------------------------------------------------------------------------------------------------------------

[odb:type:warning] Type org.fxp.android.apk.ApkBean is not enhanced.
[odb:type:warning] Type org.fxp.android.apk.db.ApkFile is not enhanced.
------------------------------------------------------------------------------------------------------------------------

[odb:type:warning] Type org.fxp.android.apk.ApkBean is not enhanced.
[odb:type:warning] Type org.fxp.android.apk.db.ApkFile is not enhanced.
------------------------------------------------------------------------------------------------------------------------

[odb:type:warning] Type org.fxp.android.apk.ApkBean is not enhanced.
[odb:type:warning] Type org.fxp.android.apk.db.ApkFile is not enhanced.
------------------------------------------------------------------------------------------------------------------------

[odb:type:warning] Type org.fxp.android.apk.ApkBean is not enhanced.
[odb:type:warning] Type org.fxp.android.apk.db.ApkFile is not enhanced.
------------------------------------------------------------------------------------------------------------------------

[odb:type:warning] Type org.fxp.android.apk.ApkBean is not enhanced.
[odb:type:warning] Type org.fxp.android.apk.db.ApkFile is not enhanced.
------------------------------------------------------------------------------------------------------------------------

[odb:type:warning] Type org.fxp.android.apk.ApkBean is not enhanced.
[odb:type:warning] Type org.fxp.android.apk.db.ApkFile is not enhanced.
------------------------------------------------------------------------------------------------------------------------

[odb:type:warning] Type org.fxp.android.apk.ApkBean is not enhanced.
[odb:type:warning] Type org.fxp.android.apk.db.ApkFile is not enhanced.
------------------------------------------------------------------------------------------------------------------------

[odb:type:warning] Type org.fxp.android.apk.ApkBean is not enhanced.
[odb:type:warning] Type org.fxp.android.apk.db.ApkFile is not enhanced.
[odb:type:warning] Type org.fxp.android.apk.db.ApkApp is not enhanced.
[odb:type:warning] Type org.fxp.android.apk.db.DevInfo is not enhanced.
[odb:type:warning] Type org.fxp.android.apk.db.ApkCert is not enhanced.
------------------------------------------------------------------------------------------------------------------------

[odb:type:warning] Type org.fxp.android.apk.ApkBean is not enhanced.
[odb:type:warning] Type org.fxp.android.apk.db.ApkFile is not enhanced.
[odb:type:warning] Type org.fxp.android.apk.db.ApkApp is not enhanced.
[odb:type:warning] Type org.fxp.android.apk.db.DevInfo is not enhanced.
[odb:type:warning] Type org.fxp.android.apk.db.ApkCert is not enhanced.
------------------------------------------------------------------------------------------------------------------------

[odb:type:warning] Type org.fxp.android.apk.ApkBean is not enhanced.
[odb:type:warning] Type org.fxp.android.apk.db.ApkFile is not enhanced.
[odb:type:warning] Type org.fxp.android.apk.db.ApkApp is not enhanced.
[odb:type:warning] Type org.fxp.android.apk.db.DevInfo is not enhanced.
[odb:type:warning] Type org.fxp.android.apk.db.ApkCert is not enhanced.
------------------------------------------------------------------------------------------------------------------------

[odb:type:warning] Type org.fxp.android.apk.ApkBean is not enhanced.
[odb:type:warning] Type org.fxp.android.apk.db.ApkFile is not enhanced.
[odb:type:warning] Type org.fxp.android.apk.db.ApkApp is not enhanced.
[odb:type:warning] Type org.fxp.android.apk.db.DevInfo is not enhanced.
[odb:type:warning] Type org.fxp.android.apk.db.ApkCert is not enhanced.
------------------------------------------------------------------------------------------------------------------------

[odb:type:warning] Type org.fxp.android.apk.ApkBean is not enhanced.
[odb:type:warning] Type org.fxp.android.apk.db.ApkFile is not enhanced.
[odb:type:warning] Type org.fxp.android.apk.db.ApkApp is not enhanced.
[odb:type:warning] Type org.fxp.android.apk.db.DevInfo is not enhanced.
[odb:type:warning] Type org.fxp.android.apk.db.ApkCert is not enhanced.
