
On Mon Mar 28 04:33:38 CST 2011:
[ObjectDB 2.1.1] javax.persistence.PersistenceException
Login Error (unauthorized IP address for user 'admin') (error 575)
	at javax.swing.AbstractButton.fireActionPerformed(AbstractButton.java:1995)
	at javax.swing.AbstractButton$Handler.actionPerformed(AbstractButton.java:2318)
	at javax.swing.DefaultButtonModel.fireActionPerformed(DefaultButtonModel.java:387)
	at javax.swing.DefaultButtonModel.setPressed(DefaultButtonModel.java:242)
	at javax.swing.plaf.basic.BasicButtonListener.mouseReleased(BasicButtonListener.java:236)
	at java.awt.AWTEventMulticaster.mouseReleased(AWTEventMulticaster.java:272)
	at java.awt.AWTEventMulticaster.mouseReleased(AWTEventMulticaster.java:272)
	at java.awt.Component.processMouseEvent(Component.java:6267)
	at javax.swing.JComponent.processMouseEvent(JComponent.java:3267)
	at java.awt.Component.processEvent(Component.java:6032)
	at java.awt.Container.processEvent(Container.java:2041)
	at java.awt.Component.dispatchEventImpl(Component.java:4630)
	at java.awt.Container.dispatchEventImpl(Container.java:2099)
	at java.awt.Component.dispatchEvent(Component.java:4460)
	at java.awt.LightweightDispatcher.retargetMouseEvent(Container.java:4577)
	at java.awt.LightweightDispatcher.processMouseEvent(Container.java:4238)
	at java.awt.LightweightDispatcher.dispatchEvent(Container.java:4168)
	at java.awt.Container.dispatchEventImpl(Container.java:2085)
	at java.awt.Window.dispatchEventImpl(Window.java:2478)
	at java.awt.Component.dispatchEvent(Component.java:4460)
	at java.awt.EventQueue.dispatchEvent(EventQueue.java:599)
	at java.awt.EventDispatchThread.pumpOneEventForFilters(EventDispatchThread.java:269)
	at java.awt.EventDispatchThread.pumpEventsForFilter(EventDispatchThread.java:184)
	at java.awt.EventDispatchThread.pumpEventsForHierarchy(EventDispatchThread.java:174)
	at java.awt.EventDispatchThread.pumpEvents(EventDispatchThread.java:169)
	at java.awt.EventDispatchThread.pumpEvents(EventDispatchThread.java:161)
	at java.awt.EventDispatchThread.run(EventDispatchThread.java:122)
Caused by: com.objectdb.o.UserException: Login Error (unauthorized IP address for user 'admin')
	at com.objectdb.o.MSG.d(MSG.java:61)
	at com.objectdb.o.HND.J(HND.java:208)
	at com.objectdb.o.SHN.J(SHN.java:198)
	at com.objectdb.o.HND.run(HND.java:133)
	at java.lang.Thread.run(Unknown Source)

On Mon Mar 28 04:33:45 CST 2011:
[ObjectDB 2.1.1] javax.persistence.PersistenceException
Login Error (unauthorized IP address for user 'admin') (error 575)
	at javax.swing.AbstractButton.fireActionPerformed(AbstractButton.java:1995)
	at javax.swing.AbstractButton$Handler.actionPerformed(AbstractButton.java:2318)
	at javax.swing.DefaultButtonModel.fireActionPerformed(DefaultButtonModel.java:387)
	at javax.swing.DefaultButtonModel.setPressed(DefaultButtonModel.java:242)
	at javax.swing.plaf.basic.BasicButtonListener.mouseReleased(BasicButtonListener.java:236)
	at java.awt.AWTEventMulticaster.mouseReleased(AWTEventMulticaster.java:272)
	at java.awt.AWTEventMulticaster.mouseReleased(AWTEventMulticaster.java:272)
	at java.awt.Component.processMouseEvent(Component.java:6267)
	at javax.swing.JComponent.processMouseEvent(JComponent.java:3267)
	at java.awt.Component.processEvent(Component.java:6032)
	at java.awt.Container.processEvent(Container.java:2041)
	at java.awt.Component.dispatchEventImpl(Component.java:4630)
	at java.awt.Container.dispatchEventImpl(Container.java:2099)
	at java.awt.Component.dispatchEvent(Component.java:4460)
	at java.awt.LightweightDispatcher.retargetMouseEvent(Container.java:4577)
	at java.awt.LightweightDispatcher.processMouseEvent(Container.java:4238)
	at java.awt.LightweightDispatcher.dispatchEvent(Container.java:4168)
	at java.awt.Container.dispatchEventImpl(Container.java:2085)
	at java.awt.Window.dispatchEventImpl(Window.java:2478)
	at java.awt.Component.dispatchEvent(Component.java:4460)
	at java.awt.EventQueue.dispatchEvent(EventQueue.java:599)
	at java.awt.EventDispatchThread.pumpOneEventForFilters(EventDispatchThread.java:269)
	at java.awt.EventDispatchThread.pumpEventsForFilter(EventDispatchThread.java:184)
	at java.awt.EventDispatchThread.pumpEventsForHierarchy(EventDispatchThread.java:174)
	at java.awt.EventDispatchThread.pumpEvents(EventDispatchThread.java:169)
	at java.awt.EventDispatchThread.pumpEvents(EventDispatchThread.java:161)
	at java.awt.EventDispatchThread.run(EventDispatchThread.java:122)
Caused by: com.objectdb.o.UserException: Login Error (unauthorized IP address for user 'admin')
	at com.objectdb.o.MSG.d(MSG.java:61)
	at com.objectdb.o.HND.J(HND.java:208)
	at com.objectdb.o.SHN.J(SHN.java:198)
	at com.objectdb.o.HND.run(HND.java:133)
	at java.lang.Thread.run(Unknown Source)

On Mon Mar 28 04:34:30 CST 2011:
[ObjectDB 2.1.1] javax.persistence.PersistenceException
Login Error (unauthorized IP address for user 'admin') (error 575)
	at javax.swing.AbstractButton.fireActionPerformed(AbstractButton.java:1995)
	at javax.swing.AbstractButton$Handler.actionPerformed(AbstractButton.java:2318)
	at javax.swing.DefaultButtonModel.fireActionPerformed(DefaultButtonModel.java:387)
	at javax.swing.DefaultButtonModel.setPressed(DefaultButtonModel.java:242)
	at javax.swing.plaf.basic.BasicButtonListener.mouseReleased(BasicButtonListener.java:236)
	at java.awt.AWTEventMulticaster.mouseReleased(AWTEventMulticaster.java:272)
	at java.awt.AWTEventMulticaster.mouseReleased(AWTEventMulticaster.java:272)
	at java.awt.Component.processMouseEvent(Component.java:6267)
	at javax.swing.JComponent.processMouseEvent(JComponent.java:3267)
	at java.awt.Component.processEvent(Component.java:6032)
	at java.awt.Container.processEvent(Container.java:2041)
	at java.awt.Component.dispatchEventImpl(Component.java:4630)
	at java.awt.Container.dispatchEventImpl(Container.java:2099)
	at java.awt.Component.dispatchEvent(Component.java:4460)
	at java.awt.LightweightDispatcher.retargetMouseEvent(Container.java:4577)
	at java.awt.LightweightDispatcher.processMouseEvent(Container.java:4238)
	at java.awt.LightweightDispatcher.dispatchEvent(Container.java:4168)
	at java.awt.Container.dispatchEventImpl(Container.java:2085)
	at java.awt.Window.dispatchEventImpl(Window.java:2478)
	at java.awt.Component.dispatchEvent(Component.java:4460)
	at java.awt.EventQueue.dispatchEvent(EventQueue.java:599)
	at java.awt.EventDispatchThread.pumpOneEventForFilters(EventDispatchThread.java:269)
	at java.awt.EventDispatchThread.pumpEventsForFilter(EventDispatchThread.java:184)
	at java.awt.EventDispatchThread.pumpEventsForHierarchy(EventDispatchThread.java:174)
	at java.awt.EventDispatchThread.pumpEvents(EventDispatchThread.java:169)
	at java.awt.EventDispatchThread.pumpEvents(EventDispatchThread.java:161)
	at java.awt.EventDispatchThread.run(EventDispatchThread.java:122)
Caused by: com.objectdb.o.UserException: Login Error (unauthorized IP address for user 'admin')
	at com.objectdb.o.MSG.d(MSG.java:61)
	at com.objectdb.o.HND.J(HND.java:208)
	at com.objectdb.o.SHN.J(SHN.java:198)
	at com.objectdb.o.HND.run(HND.java:133)
	at java.lang.Thread.run(Unknown Source)

On Mon Mar 28 04:34:34 CST 2011:
[ObjectDB 2.1.1] javax.persistence.PersistenceException
Login Error (unauthorized IP address for user 'admin') (error 575)
	at javax.swing.AbstractButton.fireActionPerformed(AbstractButton.java:1995)
	at javax.swing.AbstractButton$Handler.actionPerformed(AbstractButton.java:2318)
	at javax.swing.DefaultButtonModel.fireActionPerformed(DefaultButtonModel.java:387)
	at javax.swing.DefaultButtonModel.setPressed(DefaultButtonModel.java:242)
	at javax.swing.plaf.basic.BasicButtonListener.mouseReleased(BasicButtonListener.java:236)
	at java.awt.AWTEventMulticaster.mouseReleased(AWTEventMulticaster.java:272)
	at java.awt.AWTEventMulticaster.mouseReleased(AWTEventMulticaster.java:272)
	at java.awt.Component.processMouseEvent(Component.java:6267)
	at javax.swing.JComponent.processMouseEvent(JComponent.java:3267)
	at java.awt.Component.processEvent(Component.java:6032)
	at java.awt.Container.processEvent(Container.java:2041)
	at java.awt.Component.dispatchEventImpl(Component.java:4630)
	at java.awt.Container.dispatchEventImpl(Container.java:2099)
	at java.awt.Component.dispatchEvent(Component.java:4460)
	at java.awt.LightweightDispatcher.retargetMouseEvent(Container.java:4577)
	at java.awt.LightweightDispatcher.processMouseEvent(Container.java:4238)
	at java.awt.LightweightDispatcher.dispatchEvent(Container.java:4168)
	at java.awt.Container.dispatchEventImpl(Container.java:2085)
	at java.awt.Window.dispatchEventImpl(Window.java:2478)
	at java.awt.Component.dispatchEvent(Component.java:4460)
	at java.awt.EventQueue.dispatchEvent(EventQueue.java:599)
	at java.awt.EventDispatchThread.pumpOneEventForFilters(EventDispatchThread.java:269)
	at java.awt.EventDispatchThread.pumpEventsForFilter(EventDispatchThread.java:184)
	at java.awt.EventDispatchThread.pumpEventsForHierarchy(EventDispatchThread.java:174)
	at java.awt.EventDispatchThread.pumpEvents(EventDispatchThread.java:169)
	at java.awt.EventDispatchThread.pumpEvents(EventDispatchThread.java:161)
	at java.awt.EventDispatchThread.run(EventDispatchThread.java:122)
Caused by: com.objectdb.o.UserException: Login Error (unauthorized IP address for user 'admin')
	at com.objectdb.o.MSG.d(MSG.java:61)
	at com.objectdb.o.HND.J(HND.java:208)
	at com.objectdb.o.SHN.J(SHN.java:198)
	at com.objectdb.o.HND.run(HND.java:133)
	at java.lang.Thread.run(Unknown Source)

On Mon Mar 28 04:34:57 CST 2011:
[ObjectDB 2.1.1] javax.persistence.PersistenceException
Login Error (unauthorized IP address for user 'admin') (error 575)
	at javax.swing.AbstractButton.fireActionPerformed(AbstractButton.java:1995)
	at javax.swing.AbstractButton$Handler.actionPerformed(AbstractButton.java:2318)
	at javax.swing.DefaultButtonModel.fireActionPerformed(DefaultButtonModel.java:387)
	at javax.swing.DefaultButtonModel.setPressed(DefaultButtonModel.java:242)
	at javax.swing.plaf.basic.BasicButtonListener.mouseReleased(BasicButtonListener.java:236)
	at java.awt.AWTEventMulticaster.mouseReleased(AWTEventMulticaster.java:272)
	at java.awt.AWTEventMulticaster.mouseReleased(AWTEventMulticaster.java:272)
	at java.awt.Component.processMouseEvent(Component.java:6267)
	at javax.swing.JComponent.processMouseEvent(JComponent.java:3267)
	at java.awt.Component.processEvent(Component.java:6032)
	at java.awt.Container.processEvent(Container.java:2041)
	at java.awt.Component.dispatchEventImpl(Component.java:4630)
	at java.awt.Container.dispatchEventImpl(Container.java:2099)
	at java.awt.Component.dispatchEvent(Component.java:4460)
	at java.awt.LightweightDispatcher.retargetMouseEvent(Container.java:4577)
	at java.awt.LightweightDispatcher.processMouseEvent(Container.java:4238)
	at java.awt.LightweightDispatcher.dispatchEvent(Container.java:4168)
	at java.awt.Container.dispatchEventImpl(Container.java:2085)
	at java.awt.Window.dispatchEventImpl(Window.java:2478)
	at java.awt.Component.dispatchEvent(Component.java:4460)
	at java.awt.EventQueue.dispatchEvent(EventQueue.java:599)
	at java.awt.EventDispatchThread.pumpOneEventForFilters(EventDispatchThread.java:269)
	at java.awt.EventDispatchThread.pumpEventsForFilter(EventDispatchThread.java:184)
	at java.awt.EventDispatchThread.pumpEventsForHierarchy(EventDispatchThread.java:174)
	at java.awt.EventDispatchThread.pumpEvents(EventDispatchThread.java:169)
	at java.awt.EventDispatchThread.pumpEvents(EventDispatchThread.java:161)
	at java.awt.EventDispatchThread.run(EventDispatchThread.java:122)
Caused by: com.objectdb.o.UserException: Login Error (unauthorized IP address for user 'admin')
	at com.objectdb.o.MSG.d(MSG.java:61)
	at com.objectdb.o.HND.J(HND.java:208)
	at com.objectdb.o.SHN.J(SHN.java:198)
	at com.objectdb.o.HND.run(HND.java:133)
	at java.lang.Thread.run(Unknown Source)

On Mon Mar 28 04:37:58 CST 2011:
[ObjectDB 2.1.1] javax.persistence.PersistenceException
Login Error (unauthorized IP address for user 'admin') (error 575)
	at javax.swing.AbstractButton.fireActionPerformed(AbstractButton.java:1995)
	at javax.swing.AbstractButton$Handler.actionPerformed(AbstractButton.java:2318)
	at javax.swing.DefaultButtonModel.fireActionPerformed(DefaultButtonModel.java:387)
	at javax.swing.DefaultButtonModel.setPressed(DefaultButtonModel.java:242)
	at javax.swing.plaf.basic.BasicButtonListener.mouseReleased(BasicButtonListener.java:236)
	at java.awt.AWTEventMulticaster.mouseReleased(AWTEventMulticaster.java:272)
	at java.awt.AWTEventMulticaster.mouseReleased(AWTEventMulticaster.java:272)
	at java.awt.Component.processMouseEvent(Component.java:6267)
	at javax.swing.JComponent.processMouseEvent(JComponent.java:3267)
	at java.awt.Component.processEvent(Component.java:6032)
	at java.awt.Container.processEvent(Container.java:2041)
	at java.awt.Component.dispatchEventImpl(Component.java:4630)
	at java.awt.Container.dispatchEventImpl(Container.java:2099)
	at java.awt.Component.dispatchEvent(Component.java:4460)
	at java.awt.LightweightDispatcher.retargetMouseEvent(Container.java:4577)
	at java.awt.LightweightDispatcher.processMouseEvent(Container.java:4238)
	at java.awt.LightweightDispatcher.dispatchEvent(Container.java:4168)
	at java.awt.Container.dispatchEventImpl(Container.java:2085)
	at java.awt.Window.dispatchEventImpl(Window.java:2478)
	at java.awt.Component.dispatchEvent(Component.java:4460)
	at java.awt.EventQueue.dispatchEvent(EventQueue.java:599)
	at java.awt.EventDispatchThread.pumpOneEventForFilters(EventDispatchThread.java:269)
	at java.awt.EventDispatchThread.pumpEventsForFilter(EventDispatchThread.java:184)
	at java.awt.EventDispatchThread.pumpEventsForHierarchy(EventDispatchThread.java:174)
	at java.awt.EventDispatchThread.pumpEvents(EventDispatchThread.java:169)
	at java.awt.EventDispatchThread.pumpEvents(EventDispatchThread.java:161)
	at java.awt.EventDispatchThread.run(EventDispatchThread.java:122)
Caused by: com.objectdb.o.UserException: Login Error (unauthorized IP address for user 'admin')
	at com.objectdb.o.MSG.d(MSG.java:61)
	at com.objectdb.o.HND.J(HND.java:208)
	at com.objectdb.o.SHN.J(SHN.java:198)
	at com.objectdb.o.HND.run(HND.java:133)
	at java.lang.Thread.run(Unknown Source)

On Mon Mar 28 04:38:09 CST 2011:
[ObjectDB 2.1.1] javax.persistence.PersistenceException
Login Error (unauthorized IP address for user 'admin') (error 575)
	at javax.swing.AbstractButton.fireActionPerformed(AbstractButton.java:1995)
	at javax.swing.AbstractButton$Handler.actionPerformed(AbstractButton.java:2318)
	at javax.swing.DefaultButtonModel.fireActionPerformed(DefaultButtonModel.java:387)
	at javax.swing.DefaultButtonModel.setPressed(DefaultButtonModel.java:242)
	at javax.swing.plaf.basic.BasicButtonListener.mouseReleased(BasicButtonListener.java:236)
	at java.awt.AWTEventMulticaster.mouseReleased(AWTEventMulticaster.java:272)
	at java.awt.AWTEventMulticaster.mouseReleased(AWTEventMulticaster.java:272)
	at java.awt.Component.processMouseEvent(Component.java:6267)
	at javax.swing.JComponent.processMouseEvent(JComponent.java:3267)
	at java.awt.Component.processEvent(Component.java:6032)
	at java.awt.Container.processEvent(Container.java:2041)
	at java.awt.Component.dispatchEventImpl(Component.java:4630)
	at java.awt.Container.dispatchEventImpl(Container.java:2099)
	at java.awt.Component.dispatchEvent(Component.java:4460)
	at java.awt.LightweightDispatcher.retargetMouseEvent(Container.java:4577)
	at java.awt.LightweightDispatcher.processMouseEvent(Container.java:4238)
	at java.awt.LightweightDispatcher.dispatchEvent(Container.java:4168)
	at java.awt.Container.dispatchEventImpl(Container.java:2085)
	at java.awt.Window.dispatchEventImpl(Window.java:2478)
	at java.awt.Component.dispatchEvent(Component.java:4460)
	at java.awt.EventQueue.dispatchEvent(EventQueue.java:599)
	at java.awt.EventDispatchThread.pumpOneEventForFilters(EventDispatchThread.java:269)
	at java.awt.EventDispatchThread.pumpEventsForFilter(EventDispatchThread.java:184)
	at java.awt.EventDispatchThread.pumpEventsForHierarchy(EventDispatchThread.java:174)
	at java.awt.EventDispatchThread.pumpEvents(EventDispatchThread.java:169)
	at java.awt.EventDispatchThread.pumpEvents(EventDispatchThread.java:161)
	at java.awt.EventDispatchThread.run(EventDispatchThread.java:122)
Caused by: com.objectdb.o.UserException: Login Error (unauthorized IP address for user 'admin')
	at com.objectdb.o.MSG.d(MSG.java:61)
	at com.objectdb.o.HND.J(HND.java:208)
	at com.objectdb.o.SHN.J(SHN.java:198)
	at com.objectdb.o.HND.run(HND.java:133)
	at java.lang.Thread.run(Unknown Source)

On Mon Mar 28 04:38:28 CST 2011:
[ObjectDB 2.1.1] javax.persistence.PersistenceException
Login Error (unauthorized IP address for user 'admin') (error 575)
	at javax.swing.AbstractButton.fireActionPerformed(AbstractButton.java:1995)
	at javax.swing.AbstractButton$Handler.actionPerformed(AbstractButton.java:2318)
	at javax.swing.DefaultButtonModel.fireActionPerformed(DefaultButtonModel.java:387)
	at javax.swing.DefaultButtonModel.setPressed(DefaultButtonModel.java:242)
	at javax.swing.plaf.basic.BasicButtonListener.mouseReleased(BasicButtonListener.java:236)
	at java.awt.AWTEventMulticaster.mouseReleased(AWTEventMulticaster.java:272)
	at java.awt.AWTEventMulticaster.mouseReleased(AWTEventMulticaster.java:272)
	at java.awt.Component.processMouseEvent(Component.java:6267)
	at javax.swing.JComponent.processMouseEvent(JComponent.java:3267)
	at java.awt.Component.processEvent(Component.java:6032)
	at java.awt.Container.processEvent(Container.java:2041)
	at java.awt.Component.dispatchEventImpl(Component.java:4630)
	at java.awt.Container.dispatchEventImpl(Container.java:2099)
	at java.awt.Component.dispatchEvent(Component.java:4460)
	at java.awt.LightweightDispatcher.retargetMouseEvent(Container.java:4577)
	at java.awt.LightweightDispatcher.processMouseEvent(Container.java:4238)
	at java.awt.LightweightDispatcher.dispatchEvent(Container.java:4168)
	at java.awt.Container.dispatchEventImpl(Container.java:2085)
	at java.awt.Window.dispatchEventImpl(Window.java:2478)
	at java.awt.Component.dispatchEvent(Component.java:4460)
	at java.awt.EventQueue.dispatchEvent(EventQueue.java:599)
	at java.awt.EventDispatchThread.pumpOneEventForFilters(EventDispatchThread.java:269)
	at java.awt.EventDispatchThread.pumpEventsForFilter(EventDispatchThread.java:184)
	at java.awt.EventDispatchThread.pumpEventsForHierarchy(EventDispatchThread.java:174)
	at java.awt.EventDispatchThread.pumpEvents(EventDispatchThread.java:169)
	at java.awt.EventDispatchThread.pumpEvents(EventDispatchThread.java:161)
	at java.awt.EventDispatchThread.run(EventDispatchThread.java:122)
Caused by: com.objectdb.o.UserException: Login Error (unauthorized IP address for user 'admin')
	at com.objectdb.o.MSG.d(MSG.java:61)
	at com.objectdb.o.HND.J(HND.java:208)
	at com.objectdb.o.SHN.J(SHN.java:198)
	at com.objectdb.o.HND.run(HND.java:133)
	at java.lang.Thread.run(Unknown Source)

On Mon Mar 28 04:38:32 CST 2011:
[ObjectDB 2.1.1] javax.persistence.PersistenceException
Login Error (unauthorized IP address for user 'admin') (error 575)
	at javax.swing.AbstractButton.fireActionPerformed(AbstractButton.java:1995)
	at javax.swing.AbstractButton$Handler.actionPerformed(AbstractButton.java:2318)
	at javax.swing.DefaultButtonModel.fireActionPerformed(DefaultButtonModel.java:387)
	at javax.swing.DefaultButtonModel.setPressed(DefaultButtonModel.java:242)
	at javax.swing.plaf.basic.BasicButtonListener.mouseReleased(BasicButtonListener.java:236)
	at java.awt.AWTEventMulticaster.mouseReleased(AWTEventMulticaster.java:272)
	at java.awt.AWTEventMulticaster.mouseReleased(AWTEventMulticaster.java:272)
	at java.awt.Component.processMouseEvent(Component.java:6267)
	at javax.swing.JComponent.processMouseEvent(JComponent.java:3267)
	at java.awt.Component.processEvent(Component.java:6032)
	at java.awt.Container.processEvent(Container.java:2041)
	at java.awt.Component.dispatchEventImpl(Component.java:4630)
	at java.awt.Container.dispatchEventImpl(Container.java:2099)
	at java.awt.Component.dispatchEvent(Component.java:4460)
	at java.awt.LightweightDispatcher.retargetMouseEvent(Container.java:4577)
	at java.awt.LightweightDispatcher.processMouseEvent(Container.java:4238)
	at java.awt.LightweightDispatcher.dispatchEvent(Container.java:4168)
	at java.awt.Container.dispatchEventImpl(Container.java:2085)
	at java.awt.Window.dispatchEventImpl(Window.java:2478)
	at java.awt.Component.dispatchEvent(Component.java:4460)
	at java.awt.EventQueue.dispatchEvent(EventQueue.java:599)
	at java.awt.EventDispatchThread.pumpOneEventForFilters(EventDispatchThread.java:269)
	at java.awt.EventDispatchThread.pumpEventsForFilter(EventDispatchThread.java:184)
	at java.awt.EventDispatchThread.pumpEventsForHierarchy(EventDispatchThread.java:174)
	at java.awt.EventDispatchThread.pumpEvents(EventDispatchThread.java:169)
	at java.awt.EventDispatchThread.pumpEvents(EventDispatchThread.java:161)
	at java.awt.EventDispatchThread.run(EventDispatchThread.java:122)
Caused by: com.objectdb.o.UserException: Login Error (unauthorized IP address for user 'admin')
	at com.objectdb.o.MSG.d(MSG.java:61)
	at com.objectdb.o.HND.J(HND.java:208)
	at com.objectdb.o.SHN.J(SHN.java:198)
	at com.objectdb.o.HND.run(HND.java:133)
	at java.lang.Thread.run(Unknown Source)

On Mon Mar 28 04:38:41 CST 2011:
[ObjectDB 2.1.1] javax.persistence.PersistenceException
Login Error (unauthorized IP address for user 'admin') (error 575)
	at javax.swing.AbstractButton.fireActionPerformed(AbstractButton.java:1995)
	at javax.swing.AbstractButton$Handler.actionPerformed(AbstractButton.java:2318)
	at javax.swing.DefaultButtonModel.fireActionPerformed(DefaultButtonModel.java:387)
	at javax.swing.DefaultButtonModel.setPressed(DefaultButtonModel.java:242)
	at javax.swing.plaf.basic.BasicButtonListener.mouseReleased(BasicButtonListener.java:236)
	at java.awt.AWTEventMulticaster.mouseReleased(AWTEventMulticaster.java:272)
	at java.awt.AWTEventMulticaster.mouseReleased(AWTEventMulticaster.java:272)
	at java.awt.Component.processMouseEvent(Component.java:6267)
	at javax.swing.JComponent.processMouseEvent(JComponent.java:3267)
	at java.awt.Component.processEvent(Component.java:6032)
	at java.awt.Container.processEvent(Container.java:2041)
	at java.awt.Component.dispatchEventImpl(Component.java:4630)
	at java.awt.Container.dispatchEventImpl(Container.java:2099)
	at java.awt.Component.dispatchEvent(Component.java:4460)
	at java.awt.LightweightDispatcher.retargetMouseEvent(Container.java:4577)
	at java.awt.LightweightDispatcher.processMouseEvent(Container.java:4238)
	at java.awt.LightweightDispatcher.dispatchEvent(Container.java:4168)
	at java.awt.Container.dispatchEventImpl(Container.java:2085)
	at java.awt.Window.dispatchEventImpl(Window.java:2478)
	at java.awt.Component.dispatchEvent(Component.java:4460)
	at java.awt.EventQueue.dispatchEvent(EventQueue.java:599)
	at java.awt.EventDispatchThread.pumpOneEventForFilters(EventDispatchThread.java:269)
	at java.awt.EventDispatchThread.pumpEventsForFilter(EventDispatchThread.java:184)
	at java.awt.EventDispatchThread.pumpEventsForHierarchy(EventDispatchThread.java:174)
	at java.awt.EventDispatchThread.pumpEvents(EventDispatchThread.java:169)
	at java.awt.EventDispatchThread.pumpEvents(EventDispatchThread.java:161)
	at java.awt.EventDispatchThread.run(EventDispatchThread.java:122)
Caused by: com.objectdb.o.UserException: Login Error (unauthorized IP address for user 'admin')
	at com.objectdb.o.MSG.d(MSG.java:61)
	at com.objectdb.o.HND.J(HND.java:208)
	at com.objectdb.o.SHN.J(SHN.java:198)
	at com.objectdb.o.HND.run(HND.java:133)
	at java.lang.Thread.run(Unknown Source)

On Mon Mar 28 04:39:52 CST 2011:
[ObjectDB 2.1.1] javax.persistence.PersistenceException
Login Error (unauthorized IP address for user 'admin') (error 575)
	at javax.swing.AbstractButton.fireActionPerformed(AbstractButton.java:1995)
	at javax.swing.AbstractButton$Handler.actionPerformed(AbstractButton.java:2318)
	at javax.swing.DefaultButtonModel.fireActionPerformed(DefaultButtonModel.java:387)
	at javax.swing.DefaultButtonModel.setPressed(DefaultButtonModel.java:242)
	at javax.swing.plaf.basic.BasicButtonListener.mouseReleased(BasicButtonListener.java:236)
	at java.awt.AWTEventMulticaster.mouseReleased(AWTEventMulticaster.java:272)
	at java.awt.AWTEventMulticaster.mouseReleased(AWTEventMulticaster.java:272)
	at java.awt.Component.processMouseEvent(Component.java:6267)
	at javax.swing.JComponent.processMouseEvent(JComponent.java:3267)
	at java.awt.Component.processEvent(Component.java:6032)
	at java.awt.Container.processEvent(Container.java:2041)
	at java.awt.Component.dispatchEventImpl(Component.java:4630)
	at java.awt.Container.dispatchEventImpl(Container.java:2099)
	at java.awt.Component.dispatchEvent(Component.java:4460)
	at java.awt.LightweightDispatcher.retargetMouseEvent(Container.java:4577)
	at java.awt.LightweightDispatcher.processMouseEvent(Container.java:4238)
	at java.awt.LightweightDispatcher.dispatchEvent(Container.java:4168)
	at java.awt.Container.dispatchEventImpl(Container.java:2085)
	at java.awt.Window.dispatchEventImpl(Window.java:2478)
	at java.awt.Component.dispatchEvent(Component.java:4460)
	at java.awt.EventQueue.dispatchEvent(EventQueue.java:599)
	at java.awt.EventDispatchThread.pumpOneEventForFilters(EventDispatchThread.java:269)
	at java.awt.EventDispatchThread.pumpEventsForFilter(EventDispatchThread.java:184)
	at java.awt.EventDispatchThread.pumpEventsForHierarchy(EventDispatchThread.java:174)
	at java.awt.EventDispatchThread.pumpEvents(EventDispatchThread.java:169)
	at java.awt.EventDispatchThread.pumpEvents(EventDispatchThread.java:161)
	at java.awt.EventDispatchThread.run(EventDispatchThread.java:122)
Caused by: com.objectdb.o.UserException: Login Error (unauthorized IP address for user 'admin')
	at com.objectdb.o.MSG.d(MSG.java:61)
	at com.objectdb.o.HND.J(HND.java:208)
	at com.objectdb.o.SHN.J(SHN.java:198)
	at com.objectdb.o.HND.run(HND.java:133)
	at java.lang.Thread.run(Unknown Source)

On Mon Mar 28 04:39:57 CST 2011:
[ObjectDB 2.1.1] javax.persistence.PersistenceException
Login Error (unauthorized IP address for user 'admin') (error 575)
	at javax.swing.AbstractButton.fireActionPerformed(AbstractButton.java:1995)
	at javax.swing.AbstractButton$Handler.actionPerformed(AbstractButton.java:2318)
	at javax.swing.DefaultButtonModel.fireActionPerformed(DefaultButtonModel.java:387)
	at javax.swing.DefaultButtonModel.setPressed(DefaultButtonModel.java:242)
	at javax.swing.plaf.basic.BasicButtonListener.mouseReleased(BasicButtonListener.java:236)
	at java.awt.AWTEventMulticaster.mouseReleased(AWTEventMulticaster.java:272)
	at java.awt.AWTEventMulticaster.mouseReleased(AWTEventMulticaster.java:272)
	at java.awt.Component.processMouseEvent(Component.java:6267)
	at javax.swing.JComponent.processMouseEvent(JComponent.java:3267)
	at java.awt.Component.processEvent(Component.java:6032)
	at java.awt.Container.processEvent(Container.java:2041)
	at java.awt.Component.dispatchEventImpl(Component.java:4630)
	at java.awt.Container.dispatchEventImpl(Container.java:2099)
	at java.awt.Component.dispatchEvent(Component.java:4460)
	at java.awt.LightweightDispatcher.retargetMouseEvent(Container.java:4577)
	at java.awt.LightweightDispatcher.processMouseEvent(Container.java:4238)
	at java.awt.LightweightDispatcher.dispatchEvent(Container.java:4168)
	at java.awt.Container.dispatchEventImpl(Container.java:2085)
	at java.awt.Window.dispatchEventImpl(Window.java:2478)
	at java.awt.Component.dispatchEvent(Component.java:4460)
	at java.awt.EventQueue.dispatchEvent(EventQueue.java:599)
	at java.awt.EventDispatchThread.pumpOneEventForFilters(EventDispatchThread.java:269)
	at java.awt.EventDispatchThread.pumpEventsForFilter(EventDispatchThread.java:184)
	at java.awt.EventDispatchThread.pumpEventsForHierarchy(EventDispatchThread.java:174)
	at java.awt.EventDispatchThread.pumpEvents(EventDispatchThread.java:169)
	at java.awt.EventDispatchThread.pumpEvents(EventDispatchThread.java:161)
	at java.awt.EventDispatchThread.run(EventDispatchThread.java:122)
Caused by: com.objectdb.o.UserException: Login Error (unauthorized IP address for user 'admin')
	at com.objectdb.o.MSG.d(MSG.java:61)
	at com.objectdb.o.HND.J(HND.java:208)
	at com.objectdb.o.SHN.J(SHN.java:198)
	at com.objectdb.o.HND.run(HND.java:133)
	at java.lang.Thread.run(Unknown Source)

On Mon Mar 28 04:40:01 CST 2011:
[ObjectDB 2.1.1] javax.persistence.PersistenceException
Login Error (unauthorized IP address for user 'admin') (error 575)
	at javax.swing.AbstractButton.fireActionPerformed(AbstractButton.java:1995)
	at javax.swing.AbstractButton$Handler.actionPerformed(AbstractButton.java:2318)
	at javax.swing.DefaultButtonModel.fireActionPerformed(DefaultButtonModel.java:387)
	at javax.swing.DefaultButtonModel.setPressed(DefaultButtonModel.java:242)
	at javax.swing.plaf.basic.BasicButtonListener.mouseReleased(BasicButtonListener.java:236)
	at java.awt.AWTEventMulticaster.mouseReleased(AWTEventMulticaster.java:272)
	at java.awt.AWTEventMulticaster.mouseReleased(AWTEventMulticaster.java:272)
	at java.awt.Component.processMouseEvent(Component.java:6267)
	at javax.swing.JComponent.processMouseEvent(JComponent.java:3267)
	at java.awt.Component.processEvent(Component.java:6032)
	at java.awt.Container.processEvent(Container.java:2041)
	at java.awt.Component.dispatchEventImpl(Component.java:4630)
	at java.awt.Container.dispatchEventImpl(Container.java:2099)
	at java.awt.Component.dispatchEvent(Component.java:4460)
	at java.awt.LightweightDispatcher.retargetMouseEvent(Container.java:4577)
	at java.awt.LightweightDispatcher.processMouseEvent(Container.java:4238)
	at java.awt.LightweightDispatcher.dispatchEvent(Container.java:4168)
	at java.awt.Container.dispatchEventImpl(Container.java:2085)
	at java.awt.Window.dispatchEventImpl(Window.java:2478)
	at java.awt.Component.dispatchEvent(Component.java:4460)
	at java.awt.EventQueue.dispatchEvent(EventQueue.java:599)
	at java.awt.EventDispatchThread.pumpOneEventForFilters(EventDispatchThread.java:269)
	at java.awt.EventDispatchThread.pumpEventsForFilter(EventDispatchThread.java:184)
	at java.awt.EventDispatchThread.pumpEventsForHierarchy(EventDispatchThread.java:174)
	at java.awt.EventDispatchThread.pumpEvents(EventDispatchThread.java:169)
	at java.awt.EventDispatchThread.pumpEvents(EventDispatchThread.java:161)
	at java.awt.EventDispatchThread.run(EventDispatchThread.java:122)
Caused by: com.objectdb.o.UserException: Login Error (unauthorized IP address for user 'admin')
	at com.objectdb.o.MSG.d(MSG.java:61)
	at com.objectdb.o.HND.J(HND.java:208)
	at com.objectdb.o.SHN.J(SHN.java:198)
	at com.objectdb.o.HND.run(HND.java:133)
	at java.lang.Thread.run(Unknown Source)

On Mon Mar 28 04:42:12 CST 2011:
[ObjectDB 2.1.1] Unexpected exception (Error 990)
  Generated by Java HotSpot(TM) Client VM 1.6.0_21 (on Windows 7 6.1).
Please report this error on http://www.objectdb.com/database/issue/new
com.objectdb.o.InternalException: java.lang.ClassCastException: [Ljava.lang.Object; cannot be cast to [[B
java.lang.ClassCastException: [Ljava.lang.Object; cannot be cast to [[B
	at com.objectdb.o.IPC.c(IPC.java:105)
	at com.objectdb.o.USR.o(USR.java:254)
	at com.objectdb.o.HND.J(HND.java:207)
	at com.objectdb.o.SHN.J(SHN.java:198)
	at com.objectdb.o.HND.run(HND.java:133)
	at java.lang.Thread.run(Unknown Source)

On Mon Mar 28 04:42:20 CST 2011:
[ObjectDB 2.1.1] Unexpected exception (Error 990)
  Generated by Java HotSpot(TM) Client VM 1.6.0_21 (on Windows 7 6.1).
Please report this error on http://www.objectdb.com/database/issue/new
com.objectdb.o.InternalException: java.lang.ClassCastException: [Ljava.lang.Object; cannot be cast to [[B
java.lang.ClassCastException: [Ljava.lang.Object; cannot be cast to [[B
	at com.objectdb.o.IPC.c(IPC.java:105)
	at com.objectdb.o.USR.o(USR.java:254)
	at com.objectdb.o.HND.J(HND.java:207)
	at com.objectdb.o.SHN.J(SHN.java:198)
	at com.objectdb.o.HND.run(HND.java:133)
	at java.lang.Thread.run(Unknown Source)

On Mon Mar 28 04:42:23 CST 2011:
[ObjectDB 2.1.1] Unexpected exception (Error 990)
  Generated by Java HotSpot(TM) Client VM 1.6.0_21 (on Windows 7 6.1).
Please report this error on http://www.objectdb.com/database/issue/new
com.objectdb.o.InternalException: java.lang.ClassCastException: [Ljava.lang.Object; cannot be cast to [[B
java.lang.ClassCastException: [Ljava.lang.Object; cannot be cast to [[B
	at com.objectdb.o.IPC.c(IPC.java:105)
	at com.objectdb.o.USR.o(USR.java:254)
	at com.objectdb.o.HND.J(HND.java:207)
	at com.objectdb.o.SHN.J(SHN.java:198)
	at com.objectdb.o.HND.run(HND.java:133)
	at java.lang.Thread.run(Unknown Source)

On Mon Mar 28 04:42:27 CST 2011:
[ObjectDB 2.1.1] Unexpected exception (Error 990)
  Generated by Java HotSpot(TM) Client VM 1.6.0_21 (on Windows 7 6.1).
Please report this error on http://www.objectdb.com/database/issue/new
com.objectdb.o.InternalException: java.lang.ClassCastException: [Ljava.lang.Object; cannot be cast to [[B
java.lang.ClassCastException: [Ljava.lang.Object; cannot be cast to [[B
	at com.objectdb.o.IPC.c(IPC.java:105)
	at com.objectdb.o.USR.o(USR.java:254)
	at com.objectdb.o.HND.J(HND.java:207)
	at com.objectdb.o.SHN.J(SHN.java:198)
	at com.objectdb.o.HND.run(HND.java:133)
	at java.lang.Thread.run(Unknown Source)

On Mon Mar 28 04:42:34 CST 2011:
[ObjectDB 2.1.1] Unexpected exception (Error 990)
  Generated by Java HotSpot(TM) Client VM 1.6.0_21 (on Windows 7 6.1).
Please report this error on http://www.objectdb.com/database/issue/new
com.objectdb.o.InternalException: java.lang.ClassCastException: [Ljava.lang.Object; cannot be cast to [[B
java.lang.ClassCastException: [Ljava.lang.Object; cannot be cast to [[B
	at com.objectdb.o.IPC.c(IPC.java:105)
	at com.objectdb.o.USR.o(USR.java:254)
	at com.objectdb.o.HND.J(HND.java:207)
	at com.objectdb.o.SHN.J(SHN.java:198)
	at com.objectdb.o.HND.run(HND.java:133)
	at java.lang.Thread.run(Unknown Source)

On Mon Mar 28 04:42:50 CST 2011:
[ObjectDB 2.1.1] Unexpected exception (Error 990)
  Generated by Java HotSpot(TM) Client VM 1.6.0_21 (on Windows 7 6.1).
Please report this error on http://www.objectdb.com/database/issue/new
com.objectdb.o.InternalException: java.lang.ClassCastException: [Ljava.lang.Object; cannot be cast to [[B
java.lang.ClassCastException: [Ljava.lang.Object; cannot be cast to [[B
	at com.objectdb.o.IPC.c(IPC.java:105)
	at com.objectdb.o.USR.o(USR.java:254)
	at com.objectdb.o.HND.J(HND.java:207)
	at com.objectdb.o.SHN.J(SHN.java:198)
	at com.objectdb.o.HND.run(HND.java:133)
	at java.lang.Thread.run(Unknown Source)

On Mon Mar 28 04:43:01 CST 2011:
[ObjectDB 2.1.1] Unexpected exception (Error 990)
  Generated by Java HotSpot(TM) Client VM 1.6.0_21 (on Windows 7 6.1).
Please report this error on http://www.objectdb.com/database/issue/new
com.objectdb.o.InternalException: java.lang.ClassCastException: [Ljava.lang.Object; cannot be cast to [[B
java.lang.ClassCastException: [Ljava.lang.Object; cannot be cast to [[B
	at com.objectdb.o.IPC.c(IPC.java:105)
	at com.objectdb.o.USR.o(USR.java:254)
	at com.objectdb.o.HND.J(HND.java:207)
	at com.objectdb.o.SHN.J(SHN.java:198)
	at com.objectdb.o.HND.run(HND.java:133)
	at java.lang.Thread.run(Unknown Source)

On Mon Mar 28 04:43:03 CST 2011:
[ObjectDB 2.1.1] Unexpected exception (Error 990)
  Generated by Java HotSpot(TM) Client VM 1.6.0_21 (on Windows 7 6.1).
Please report this error on http://www.objectdb.com/database/issue/new
com.objectdb.o.InternalException: java.lang.ClassCastException: [Ljava.lang.Object; cannot be cast to [[B
java.lang.ClassCastException: [Ljava.lang.Object; cannot be cast to [[B
	at com.objectdb.o.IPC.c(IPC.java:105)
	at com.objectdb.o.USR.o(USR.java:254)
	at com.objectdb.o.HND.J(HND.java:207)
	at com.objectdb.o.SHN.J(SHN.java:198)
	at com.objectdb.o.HND.run(HND.java:133)
	at java.lang.Thread.run(Unknown Source)

On Mon Mar 28 04:43:08 CST 2011:
[ObjectDB 2.1.1] Unexpected exception (Error 990)
  Generated by Java HotSpot(TM) Client VM 1.6.0_21 (on Windows 7 6.1).
Please report this error on http://www.objectdb.com/database/issue/new
com.objectdb.o.InternalException: java.lang.ClassCastException: [Ljava.lang.Object; cannot be cast to [[B
java.lang.ClassCastException: [Ljava.lang.Object; cannot be cast to [[B
	at com.objectdb.o.IPC.c(IPC.java:105)
	at com.objectdb.o.USR.o(USR.java:254)
	at com.objectdb.o.HND.J(HND.java:207)
	at com.objectdb.o.SHN.J(SHN.java:198)
	at com.objectdb.o.HND.run(HND.java:133)
	at java.lang.Thread.run(Unknown Source)

On Mon Mar 28 04:43:11 CST 2011:
[ObjectDB 2.1.1] Unexpected exception (Error 990)
  Generated by Java HotSpot(TM) Client VM 1.6.0_21 (on Windows 7 6.1).
Please report this error on http://www.objectdb.com/database/issue/new
com.objectdb.o.InternalException: java.lang.ClassCastException: [Ljava.lang.Object; cannot be cast to [[B
java.lang.ClassCastException: [Ljava.lang.Object; cannot be cast to [[B
	at com.objectdb.o.IPC.c(IPC.java:105)
	at com.objectdb.o.USR.o(USR.java:254)
	at com.objectdb.o.HND.J(HND.java:207)
	at com.objectdb.o.SHN.J(SHN.java:198)
	at com.objectdb.o.HND.run(HND.java:133)
	at java.lang.Thread.run(Unknown Source)

On Mon Mar 28 04:43:46 CST 2011:
[ObjectDB 2.1.1] Unexpected exception (Error 990)
  Generated by Java HotSpot(TM) Client VM 1.6.0_21 (on Windows 7 6.1).
Please report this error on http://www.objectdb.com/database/issue/new
com.objectdb.o.InternalException: java.lang.ClassCastException: [Ljava.lang.Object; cannot be cast to [[B
java.lang.ClassCastException: [Ljava.lang.Object; cannot be cast to [[B
	at com.objectdb.o.IPC.c(IPC.java:105)
	at com.objectdb.o.USR.o(USR.java:254)
	at com.objectdb.o.HND.J(HND.java:207)
	at com.objectdb.o.SHN.J(SHN.java:198)
	at com.objectdb.o.HND.run(HND.java:133)
	at java.lang.Thread.run(Unknown Source)

On Mon Mar 28 04:43:50 CST 2011:
[ObjectDB 2.1.1] Unexpected exception (Error 990)
  Generated by Java HotSpot(TM) Client VM 1.6.0_21 (on Windows 7 6.1).
Please report this error on http://www.objectdb.com/database/issue/new
com.objectdb.o.InternalException: java.lang.ClassCastException: [Ljava.lang.Object; cannot be cast to [[B
java.lang.ClassCastException: [Ljava.lang.Object; cannot be cast to [[B
	at com.objectdb.o.IPC.c(IPC.java:105)
	at com.objectdb.o.USR.o(USR.java:254)
	at com.objectdb.o.HND.J(HND.java:207)
	at com.objectdb.o.SHN.J(SHN.java:198)
	at com.objectdb.o.HND.run(HND.java:133)
	at java.lang.Thread.run(Unknown Source)

On Mon Mar 28 04:43:53 CST 2011:
[ObjectDB 2.1.1] Unexpected exception (Error 990)
  Generated by Java HotSpot(TM) Client VM 1.6.0_21 (on Windows 7 6.1).
Please report this error on http://www.objectdb.com/database/issue/new
com.objectdb.o.InternalException: java.lang.ClassCastException: [Ljava.lang.Object; cannot be cast to [[B
java.lang.ClassCastException: [Ljava.lang.Object; cannot be cast to [[B
	at com.objectdb.o.IPC.c(IPC.java:105)
	at com.objectdb.o.USR.o(USR.java:254)
	at com.objectdb.o.HND.J(HND.java:207)
	at com.objectdb.o.SHN.J(SHN.java:198)
	at com.objectdb.o.HND.run(HND.java:133)
	at java.lang.Thread.run(Unknown Source)

On Mon Mar 28 04:45:50 CST 2011:
[ObjectDB 2.1.1] Unexpected exception (Error 990)
  Generated by Java HotSpot(TM) Client VM 1.6.0_21 (on Windows 7 6.1).
Please report this error on http://www.objectdb.com/database/issue/new
com.objectdb.o.InternalException: java.lang.ClassCastException: [Ljava.lang.Object; cannot be cast to [[B
java.lang.ClassCastException: [Ljava.lang.Object; cannot be cast to [[B
	at com.objectdb.o.IPC.c(IPC.java:105)
	at com.objectdb.o.USR.o(USR.java:254)
	at com.objectdb.o.HND.J(HND.java:207)
	at com.objectdb.o.SHN.J(SHN.java:198)
	at com.objectdb.o.HND.run(HND.java:133)
	at java.lang.Thread.run(Unknown Source)

On Mon Mar 28 04:48:34 CST 2011:
[ObjectDB 2.1.1] Unexpected exception (Error 990)
  Generated by Java HotSpot(TM) Client VM 1.6.0_21 (on Windows 7 6.1).
Please report this error on http://www.objectdb.com/database/issue/new
com.objectdb.o.InternalException: java.lang.ClassCastException: [Ljava.lang.Object; cannot be cast to [[B
java.lang.ClassCastException: [Ljava.lang.Object; cannot be cast to [[B
	at com.objectdb.o.IPC.c(IPC.java:105)
	at com.objectdb.o.USR.o(USR.java:254)
	at com.objectdb.o.HND.J(HND.java:207)
	at com.objectdb.o.SHN.J(SHN.java:198)
	at com.objectdb.o.HND.run(HND.java:133)
	at java.lang.Thread.run(Unknown Source)

On Mon Mar 28 04:48:35 CST 2011:
[ObjectDB 2.1.1] Unexpected exception (Error 990)
  Generated by Java HotSpot(TM) Client VM 1.6.0_21 (on Windows 7 6.1).
Please report this error on http://www.objectdb.com/database/issue/new
com.objectdb.o.InternalException: java.lang.ClassCastException: [Ljava.lang.Object; cannot be cast to [[B
java.lang.ClassCastException: [Ljava.lang.Object; cannot be cast to [[B
	at com.objectdb.o.IPC.c(IPC.java:105)
	at com.objectdb.o.USR.o(USR.java:254)
	at com.objectdb.o.HND.J(HND.java:207)
	at com.objectdb.o.SHN.J(SHN.java:198)
	at com.objectdb.o.HND.run(HND.java:133)
	at java.lang.Thread.run(Unknown Source)

On Mon Mar 28 04:48:46 CST 2011:
[ObjectDB 2.1.1] Unexpected exception (Error 990)
  Generated by Java HotSpot(TM) Client VM 1.6.0_21 (on Windows 7 6.1).
Please report this error on http://www.objectdb.com/database/issue/new
com.objectdb.o.InternalException: java.lang.ClassCastException: [Ljava.lang.Object; cannot be cast to [[B
java.lang.ClassCastException: [Ljava.lang.Object; cannot be cast to [[B
	at com.objectdb.o.IPC.c(IPC.java:105)
	at com.objectdb.o.USR.o(USR.java:254)
	at com.objectdb.o.HND.J(HND.java:207)
	at com.objectdb.o.SHN.J(SHN.java:198)
	at com.objectdb.o.HND.run(HND.java:133)
	at java.lang.Thread.run(Unknown Source)

On Mon Mar 28 04:54:08 CST 2011:
[ObjectDB 2.1.1] javax.persistence.PersistenceException
Login Error (unauthorized IP address for user 'admin') (error 575)
	at javax.swing.AbstractButton.fireActionPerformed(AbstractButton.java:1995)
	at javax.swing.AbstractButton$Handler.actionPerformed(AbstractButton.java:2318)
	at javax.swing.DefaultButtonModel.fireActionPerformed(DefaultButtonModel.java:387)
	at javax.swing.DefaultButtonModel.setPressed(DefaultButtonModel.java:242)
	at javax.swing.plaf.basic.BasicButtonListener.mouseReleased(BasicButtonListener.java:236)
	at java.awt.AWTEventMulticaster.mouseReleased(AWTEventMulticaster.java:272)
	at java.awt.AWTEventMulticaster.mouseReleased(AWTEventMulticaster.java:272)
	at java.awt.Component.processMouseEvent(Component.java:6267)
	at javax.swing.JComponent.processMouseEvent(JComponent.java:3267)
	at java.awt.Component.processEvent(Component.java:6032)
	at java.awt.Container.processEvent(Container.java:2041)
	at java.awt.Component.dispatchEventImpl(Component.java:4630)
	at java.awt.Container.dispatchEventImpl(Container.java:2099)
	at java.awt.Component.dispatchEvent(Component.java:4460)
	at java.awt.LightweightDispatcher.retargetMouseEvent(Container.java:4577)
	at java.awt.LightweightDispatcher.processMouseEvent(Container.java:4238)
	at java.awt.LightweightDispatcher.dispatchEvent(Container.java:4168)
	at java.awt.Container.dispatchEventImpl(Container.java:2085)
	at java.awt.Window.dispatchEventImpl(Window.java:2478)
	at java.awt.Component.dispatchEvent(Component.java:4460)
	at java.awt.EventQueue.dispatchEvent(EventQueue.java:599)
	at java.awt.EventDispatchThread.pumpOneEventForFilters(EventDispatchThread.java:269)
	at java.awt.EventDispatchThread.pumpEventsForFilter(EventDispatchThread.java:184)
	at java.awt.EventDispatchThread.pumpEventsForHierarchy(EventDispatchThread.java:174)
	at java.awt.EventDispatchThread.pumpEvents(EventDispatchThread.java:169)
	at java.awt.EventDispatchThread.pumpEvents(EventDispatchThread.java:161)
	at java.awt.EventDispatchThread.run(EventDispatchThread.java:122)
Caused by: com.objectdb.o.UserException: Login Error (unauthorized IP address for user 'admin')
	at com.objectdb.o.MSG.d(MSG.java:61)
	at com.objectdb.o.HND.J(HND.java:208)
	at com.objectdb.o.SHN.J(SHN.java:198)
	at com.objectdb.o.HND.run(HND.java:133)
	at java.lang.Thread.run(Unknown Source)

On Mon Mar 28 12:26:17 CST 2011:
[ObjectDB 2.1.1] javax.persistence.PersistenceException
Failed to open file 'D:\objectdb-2.1.1\db-files\' (error 115)
	at javax.swing.AbstractButton.fireActionPerformed(AbstractButton.java:1995)
	at javax.swing.AbstractButton$Handler.actionPerformed(AbstractButton.java:2318)
	at javax.swing.DefaultButtonModel.fireActionPerformed(DefaultButtonModel.java:387)
	at javax.swing.DefaultButtonModel.setPressed(DefaultButtonModel.java:242)
	at javax.swing.plaf.basic.BasicButtonListener.mouseReleased(BasicButtonListener.java:236)
	at java.awt.AWTEventMulticaster.mouseReleased(AWTEventMulticaster.java:272)
	at java.awt.AWTEventMulticaster.mouseReleased(AWTEventMulticaster.java:272)
	at java.awt.Component.processMouseEvent(Component.java:6267)
	at javax.swing.JComponent.processMouseEvent(JComponent.java:3267)
	at java.awt.Component.processEvent(Component.java:6032)
	at java.awt.Container.processEvent(Container.java:2041)
	at java.awt.Component.dispatchEventImpl(Component.java:4630)
	at java.awt.Container.dispatchEventImpl(Container.java:2099)
	at java.awt.Component.dispatchEvent(Component.java:4460)
	at java.awt.LightweightDispatcher.retargetMouseEvent(Container.java:4577)
	at java.awt.LightweightDispatcher.processMouseEvent(Container.java:4238)
	at java.awt.LightweightDispatcher.dispatchEvent(Container.java:4168)
	at java.awt.Container.dispatchEventImpl(Container.java:2085)
	at java.awt.Window.dispatchEventImpl(Window.java:2478)
	at java.awt.Component.dispatchEvent(Component.java:4460)
	at java.awt.EventQueue.dispatchEvent(EventQueue.java:599)
	at java.awt.EventDispatchThread.pumpOneEventForFilters(EventDispatchThread.java:269)
	at java.awt.EventDispatchThread.pumpEventsForFilter(EventDispatchThread.java:184)
	at java.awt.EventDispatchThread.pumpEventsForHierarchy(EventDispatchThread.java:174)
	at java.awt.EventDispatchThread.pumpEvents(EventDispatchThread.java:169)
	at java.awt.EventDispatchThread.pumpEvents(EventDispatchThread.java:161)
	at java.awt.EventDispatchThread.run(EventDispatchThread.java:122)
Caused by: com.objectdb.o.UserException: Failed to open file 'D:\objectdb-2.1.1\db-files\'
	at com.objectdb.o.MSG.d(MSG.java:74)
	at com.objectdb.o.LFL.V(LFL.java:1125)
	at com.objectdb.o.LFL.H(LFL.java:856)
	at com.objectdb.o.LFL.H(LFL.java:753)
	at com.objectdb.o.SFL.<init>(SFL.java:212)
	at com.objectdb.o.MST.<init>(MST.java:110)
	at com.objectdb.o.MST.aF(MST.java:95)
	at com.objectdb.o.MSF.UH(MSF.java:167)
	at com.objectdb.o.SHN.X(SHN.java:284)
	at com.objectdb.o.SHN.W(SHN.java:245)
	at com.objectdb.o.SHN.J(SHN.java:113)
	at com.objectdb.o.HND.run(HND.java:133)
	at java.lang.Thread.run(Unknown Source)
Caused by: java.io.FileNotFoundException: D:\objectdb-2.1.1\db-files (Access is denied)
	at java.io.RandomAccessFile.open(Native Method)
	at java.io.RandomAccessFile.<init>(Unknown Source)
	at com.objectdb.o.LFL.H(LFL.java:839)
	... 10 more

On Mon Mar 28 12:26:27 CST 2011:
[ObjectDB 2.1.1] javax.persistence.PersistenceException
Failed to open file 'D:\objectdb-2.1.1\db-files\' (error 115)
	at javax.swing.AbstractButton.fireActionPerformed(AbstractButton.java:1995)
	at javax.swing.AbstractButton$Handler.actionPerformed(AbstractButton.java:2318)
	at javax.swing.DefaultButtonModel.fireActionPerformed(DefaultButtonModel.java:387)
	at javax.swing.DefaultButtonModel.setPressed(DefaultButtonModel.java:242)
	at javax.swing.plaf.basic.BasicButtonListener.mouseReleased(BasicButtonListener.java:236)
	at java.awt.AWTEventMulticaster.mouseReleased(AWTEventMulticaster.java:272)
	at java.awt.AWTEventMulticaster.mouseReleased(AWTEventMulticaster.java:272)
	at java.awt.Component.processMouseEvent(Component.java:6267)
	at javax.swing.JComponent.processMouseEvent(JComponent.java:3267)
	at java.awt.Component.processEvent(Component.java:6032)
	at java.awt.Container.processEvent(Container.java:2041)
	at java.awt.Component.dispatchEventImpl(Component.java:4630)
	at java.awt.Container.dispatchEventImpl(Container.java:2099)
	at java.awt.Component.dispatchEvent(Component.java:4460)
	at java.awt.LightweightDispatcher.retargetMouseEvent(Container.java:4577)
	at java.awt.LightweightDispatcher.processMouseEvent(Container.java:4238)
	at java.awt.LightweightDispatcher.dispatchEvent(Container.java:4168)
	at java.awt.Container.dispatchEventImpl(Container.java:2085)
	at java.awt.Window.dispatchEventImpl(Window.java:2478)
	at java.awt.Component.dispatchEvent(Component.java:4460)
	at java.awt.EventQueue.dispatchEvent(EventQueue.java:599)
	at java.awt.EventDispatchThread.pumpOneEventForFilters(EventDispatchThread.java:269)
	at java.awt.EventDispatchThread.pumpEventsForFilter(EventDispatchThread.java:184)
	at java.awt.EventDispatchThread.pumpEventsForHierarchy(EventDispatchThread.java:174)
	at java.awt.EventDispatchThread.pumpEvents(EventDispatchThread.java:169)
	at java.awt.EventDispatchThread.pumpEvents(EventDispatchThread.java:161)
	at java.awt.EventDispatchThread.run(EventDispatchThread.java:122)
Caused by: com.objectdb.o.UserException: Failed to open file 'D:\objectdb-2.1.1\db-files\'
	at com.objectdb.o.MSG.d(MSG.java:74)
	at com.objectdb.o.LFL.V(LFL.java:1125)
	at com.objectdb.o.LFL.H(LFL.java:856)
	at com.objectdb.o.LFL.H(LFL.java:753)
	at com.objectdb.o.SFL.<init>(SFL.java:212)
	at com.objectdb.o.MST.<init>(MST.java:110)
	at com.objectdb.o.MST.aF(MST.java:95)
	at com.objectdb.o.MSF.UH(MSF.java:167)
	at com.objectdb.o.SHN.X(SHN.java:284)
	at com.objectdb.o.SHN.W(SHN.java:245)
	at com.objectdb.o.SHN.J(SHN.java:113)
	at com.objectdb.o.HND.run(HND.java:133)
	at java.lang.Thread.run(Unknown Source)
Caused by: java.io.FileNotFoundException: D:\objectdb-2.1.1\db-files (Access is denied)
	at java.io.RandomAccessFile.open(Native Method)
	at java.io.RandomAccessFile.<init>(Unknown Source)
	at com.objectdb.o.LFL.H(LFL.java:839)
	... 10 more

On Mon Mar 28 12:27:00 CST 2011:
[ObjectDB 2.1.1] javax.persistence.PersistenceException
Failed to open file 'D:\objectdb-2.1.1\db-files\apk.odr' (error 115)
	at javax.swing.AbstractButton.fireActionPerformed(AbstractButton.java:1995)
	at javax.swing.AbstractButton$Handler.actionPerformed(AbstractButton.java:2318)
	at javax.swing.DefaultButtonModel.fireActionPerformed(DefaultButtonModel.java:387)
	at javax.swing.DefaultButtonModel.setPressed(DefaultButtonModel.java:242)
	at javax.swing.plaf.basic.BasicButtonListener.mouseReleased(BasicButtonListener.java:236)
	at java.awt.AWTEventMulticaster.mouseReleased(AWTEventMulticaster.java:272)
	at java.awt.AWTEventMulticaster.mouseReleased(AWTEventMulticaster.java:272)
	at java.awt.Component.processMouseEvent(Component.java:6267)
	at javax.swing.JComponent.processMouseEvent(JComponent.java:3267)
	at java.awt.Component.processEvent(Component.java:6032)
	at java.awt.Container.processEvent(Container.java:2041)
	at java.awt.Component.dispatchEventImpl(Component.java:4630)
	at java.awt.Container.dispatchEventImpl(Container.java:2099)
	at java.awt.Component.dispatchEvent(Component.java:4460)
	at java.awt.LightweightDispatcher.retargetMouseEvent(Container.java:4577)
	at java.awt.LightweightDispatcher.processMouseEvent(Container.java:4238)
	at java.awt.LightweightDispatcher.dispatchEvent(Container.java:4168)
	at java.awt.Container.dispatchEventImpl(Container.java:2085)
	at java.awt.Window.dispatchEventImpl(Window.java:2478)
	at java.awt.Component.dispatchEvent(Component.java:4460)
	at java.awt.EventQueue.dispatchEvent(EventQueue.java:599)
	at java.awt.EventDispatchThread.pumpOneEventForFilters(EventDispatchThread.java:269)
	at java.awt.EventDispatchThread.pumpEventsForFilter(EventDispatchThread.java:184)
	at java.awt.EventDispatchThread.pumpEventsForHierarchy(EventDispatchThread.java:174)
	at java.awt.EventDispatchThread.pumpEvents(EventDispatchThread.java:169)
	at java.awt.EventDispatchThread.pumpEvents(EventDispatchThread.java:161)
	at java.awt.EventDispatchThread.run(EventDispatchThread.java:122)
Caused by: com.objectdb.o.UserException: Failed to open file 'D:\objectdb-2.1.1\db-files\apk.odr'
	at com.objectdb.o.MSG.d(MSG.java:74)
	at com.objectdb.o.LFL.V(LFL.java:1125)
	at com.objectdb.o.LFL.H(LFL.java:856)
	at com.objectdb.o.LFL.H(LFL.java:753)
	at com.objectdb.o.SFL.<init>(SFL.java:212)
	at com.objectdb.o.MST.<init>(MST.java:110)
	at com.objectdb.o.MST.aF(MST.java:95)
	at com.objectdb.o.MSF.UH(MSF.java:167)
	at com.objectdb.o.SHN.X(SHN.java:284)
	at com.objectdb.o.SHN.W(SHN.java:245)
	at com.objectdb.o.SHN.J(SHN.java:113)
	at com.objectdb.o.HND.run(HND.java:133)
	at java.lang.Thread.run(Unknown Source)
Caused by: java.io.FileNotFoundException: D:\objectdb-2.1.1\db-files\apk.odr (Access is denied)
	at java.io.RandomAccessFile.open(Native Method)
	at java.io.RandomAccessFile.<init>(Unknown Source)
	at com.objectdb.o.LFL.H(LFL.java:839)
	... 10 more

On Mon Mar 28 12:27:09 CST 2011:
[ObjectDB 2.1.1] javax.persistence.PersistenceException
Failed to create a new file 'D:\objectdb-2.1.1\db-files\apk.odr\1.odr\1.odb' (error 112)
	at javax.swing.AbstractButton.fireActionPerformed(AbstractButton.java:1995)
	at javax.swing.AbstractButton$Handler.actionPerformed(AbstractButton.java:2318)
	at javax.swing.DefaultButtonModel.fireActionPerformed(DefaultButtonModel.java:387)
	at javax.swing.DefaultButtonModel.setPressed(DefaultButtonModel.java:242)
	at javax.swing.plaf.basic.BasicButtonListener.mouseReleased(BasicButtonListener.java:236)
	at java.awt.AWTEventMulticaster.mouseReleased(AWTEventMulticaster.java:272)
	at java.awt.AWTEventMulticaster.mouseReleased(AWTEventMulticaster.java:272)
	at java.awt.Component.processMouseEvent(Component.java:6267)
	at javax.swing.JComponent.processMouseEvent(JComponent.java:3267)
	at java.awt.Component.processEvent(Component.java:6032)
	at java.awt.Container.processEvent(Container.java:2041)
	at java.awt.Component.dispatchEventImpl(Component.java:4630)
	at java.awt.Container.dispatchEventImpl(Container.java:2099)
	at java.awt.Component.dispatchEvent(Component.java:4460)
	at java.awt.LightweightDispatcher.retargetMouseEvent(Container.java:4577)
	at java.awt.LightweightDispatcher.processMouseEvent(Container.java:4238)
	at java.awt.LightweightDispatcher.dispatchEvent(Container.java:4168)
	at java.awt.Container.dispatchEventImpl(Container.java:2085)
	at java.awt.Window.dispatchEventImpl(Window.java:2478)
	at java.awt.Component.dispatchEvent(Component.java:4460)
	at java.awt.EventQueue.dispatchEvent(EventQueue.java:599)
	at java.awt.EventDispatchThread.pumpOneEventForFilters(EventDispatchThread.java:269)
	at java.awt.EventDispatchThread.pumpEventsForFilter(EventDispatchThread.java:184)
	at java.awt.EventDispatchThread.pumpEventsForHierarchy(EventDispatchThread.java:174)
	at java.awt.EventDispatchThread.pumpEvents(EventDispatchThread.java:169)
	at java.awt.EventDispatchThread.pumpEvents(EventDispatchThread.java:161)
	at java.awt.EventDispatchThread.run(EventDispatchThread.java:122)
Caused by: com.objectdb.o.UserException: Failed to create a new file 'D:\objectdb-2.1.1\db-files\apk.odr\1.odr\1.odb'
	at com.objectdb.o.MSG.d(MSG.java:74)
	at com.objectdb.o.LFL.K(LFL.java:825)
	at com.objectdb.o.LFL.H(LFL.java:766)
	at com.objectdb.o.LFL.H(LFL.java:735)
	at com.objectdb.o.LFL.B(LFL.java:477)
	at com.objectdb.o.LFL.m(LFL.java:449)
	at com.objectdb.o.LFL.C(LFL.java:544)
	at com.objectdb.o.RQC.<init>(RQC.java:83)
	at com.objectdb.o.MSF.o(MSF.java:245)
	at com.objectdb.o.MSF.UH(MSF.java:169)
	at com.objectdb.o.SHN.X(SHN.java:284)
	at com.objectdb.o.SHN.W(SHN.java:245)
	at com.objectdb.o.SHN.J(SHN.java:113)
	at com.objectdb.o.HND.run(HND.java:133)
	at java.lang.Thread.run(Unknown Source)
Caused by: java.io.FileNotFoundException: D:\objectdb-2.1.1\db-files\apk.odr\1.odr\1.odb (The system cannot find the path specified)
	at java.io.RandomAccessFile.open(Native Method)
	at java.io.RandomAccessFile.<init>(Unknown Source)
	at com.objectdb.o.LFL.K(LFL.java:812)
	... 13 more

On Mon Mar 28 12:27:17 CST 2011:
[ObjectDB 2.1.1] javax.persistence.PersistenceException
Failed to open file 'D:\objectdb-2.1.1\db-files\apk.odr' (error 115)
	at javax.swing.AbstractButton.fireActionPerformed(AbstractButton.java:1995)
	at javax.swing.AbstractButton$Handler.actionPerformed(AbstractButton.java:2318)
	at javax.swing.DefaultButtonModel.fireActionPerformed(DefaultButtonModel.java:387)
	at javax.swing.DefaultButtonModel.setPressed(DefaultButtonModel.java:242)
	at javax.swing.plaf.basic.BasicButtonListener.mouseReleased(BasicButtonListener.java:236)
	at java.awt.AWTEventMulticaster.mouseReleased(AWTEventMulticaster.java:272)
	at java.awt.AWTEventMulticaster.mouseReleased(AWTEventMulticaster.java:272)
	at java.awt.Component.processMouseEvent(Component.java:6267)
	at javax.swing.JComponent.processMouseEvent(JComponent.java:3267)
	at java.awt.Component.processEvent(Component.java:6032)
	at java.awt.Container.processEvent(Container.java:2041)
	at java.awt.Component.dispatchEventImpl(Component.java:4630)
	at java.awt.Container.dispatchEventImpl(Container.java:2099)
	at java.awt.Component.dispatchEvent(Component.java:4460)
	at java.awt.LightweightDispatcher.retargetMouseEvent(Container.java:4577)
	at java.awt.LightweightDispatcher.processMouseEvent(Container.java:4238)
	at java.awt.LightweightDispatcher.dispatchEvent(Container.java:4168)
	at java.awt.Container.dispatchEventImpl(Container.java:2085)
	at java.awt.Window.dispatchEventImpl(Window.java:2478)
	at java.awt.Component.dispatchEvent(Component.java:4460)
	at java.awt.EventQueue.dispatchEvent(EventQueue.java:599)
	at java.awt.EventDispatchThread.pumpOneEventForFilters(EventDispatchThread.java:269)
	at java.awt.EventDispatchThread.pumpEventsForFilter(EventDispatchThread.java:184)
	at java.awt.EventDispatchThread.pumpEventsForHierarchy(EventDispatchThread.java:174)
	at java.awt.EventDispatchThread.pumpEvents(EventDispatchThread.java:169)
	at java.awt.EventDispatchThread.pumpEvents(EventDispatchThread.java:161)
	at java.awt.EventDispatchThread.run(EventDispatchThread.java:122)
Caused by: com.objectdb.o.UserException: Failed to open file 'D:\objectdb-2.1.1\db-files\apk.odr'
	at com.objectdb.o.MSG.d(MSG.java:74)
	at com.objectdb.o.LFL.V(LFL.java:1125)
	at com.objectdb.o.LFL.H(LFL.java:856)
	at com.objectdb.o.LFL.H(LFL.java:753)
	at com.objectdb.o.SFL.<init>(SFL.java:212)
	at com.objectdb.o.MST.<init>(MST.java:110)
	at com.objectdb.o.MST.aF(MST.java:95)
	at com.objectdb.o.MSF.UH(MSF.java:167)
	at com.objectdb.o.SHN.X(SHN.java:284)
	at com.objectdb.o.SHN.W(SHN.java:245)
	at com.objectdb.o.SHN.J(SHN.java:113)
	at com.objectdb.o.HND.run(HND.java:133)
	at java.lang.Thread.run(Unknown Source)
Caused by: java.io.FileNotFoundException: D:\objectdb-2.1.1\db-files\apk.odr (Access is denied)
	at java.io.RandomAccessFile.open(Native Method)
	at java.io.RandomAccessFile.<init>(Unknown Source)
	at com.objectdb.o.LFL.H(LFL.java:839)
	... 10 more

On Mon Mar 28 12:27:25 CST 2011:
[ObjectDB 2.1.1] javax.persistence.PersistenceException
Failed to create a new file 'D:\objectdb-2.1.1\db-files\db-files.odr\1.odr\1.odb' (error 112)
	at javax.swing.AbstractButton.fireActionPerformed(AbstractButton.java:1995)
	at javax.swing.AbstractButton$Handler.actionPerformed(AbstractButton.java:2318)
	at javax.swing.DefaultButtonModel.fireActionPerformed(DefaultButtonModel.java:387)
	at javax.swing.DefaultButtonModel.setPressed(DefaultButtonModel.java:242)
	at javax.swing.plaf.basic.BasicButtonListener.mouseReleased(BasicButtonListener.java:236)
	at java.awt.AWTEventMulticaster.mouseReleased(AWTEventMulticaster.java:272)
	at java.awt.AWTEventMulticaster.mouseReleased(AWTEventMulticaster.java:272)
	at java.awt.Component.processMouseEvent(Component.java:6267)
	at javax.swing.JComponent.processMouseEvent(JComponent.java:3267)
	at java.awt.Component.processEvent(Component.java:6032)
	at java.awt.Container.processEvent(Container.java:2041)
	at java.awt.Component.dispatchEventImpl(Component.java:4630)
	at java.awt.Container.dispatchEventImpl(Container.java:2099)
	at java.awt.Component.dispatchEvent(Component.java:4460)
	at java.awt.LightweightDispatcher.retargetMouseEvent(Container.java:4577)
	at java.awt.LightweightDispatcher.processMouseEvent(Container.java:4238)
	at java.awt.LightweightDispatcher.dispatchEvent(Container.java:4168)
	at java.awt.Container.dispatchEventImpl(Container.java:2085)
	at java.awt.Window.dispatchEventImpl(Window.java:2478)
	at java.awt.Component.dispatchEvent(Component.java:4460)
	at java.awt.EventQueue.dispatchEvent(EventQueue.java:599)
	at java.awt.EventDispatchThread.pumpOneEventForFilters(EventDispatchThread.java:269)
	at java.awt.EventDispatchThread.pumpEventsForFilter(EventDispatchThread.java:184)
	at java.awt.EventDispatchThread.pumpEventsForHierarchy(EventDispatchThread.java:174)
	at java.awt.EventDispatchThread.pumpEvents(EventDispatchThread.java:169)
	at java.awt.EventDispatchThread.pumpEvents(EventDispatchThread.java:161)
	at java.awt.EventDispatchThread.run(EventDispatchThread.java:122)
Caused by: com.objectdb.o.UserException: Failed to create a new file 'D:\objectdb-2.1.1\db-files\db-files.odr\1.odr\1.odb'
	at com.objectdb.o.MSG.d(MSG.java:74)
	at com.objectdb.o.LFL.K(LFL.java:825)
	at com.objectdb.o.LFL.H(LFL.java:766)
	at com.objectdb.o.LFL.H(LFL.java:735)
	at com.objectdb.o.LFL.B(LFL.java:477)
	at com.objectdb.o.LFL.m(LFL.java:449)
	at com.objectdb.o.LFL.C(LFL.java:544)
	at com.objectdb.o.RQC.<init>(RQC.java:83)
	at com.objectdb.o.MSF.o(MSF.java:245)
	at com.objectdb.o.MSF.UH(MSF.java:169)
	at com.objectdb.o.SHN.X(SHN.java:284)
	at com.objectdb.o.SHN.W(SHN.java:245)
	at com.objectdb.o.SHN.J(SHN.java:113)
	at com.objectdb.o.HND.run(HND.java:133)
	at java.lang.Thread.run(Unknown Source)
Caused by: java.io.FileNotFoundException: D:\objectdb-2.1.1\db-files\db-files.odr\1.odr\1.odb (The system cannot find the path specified)
	at java.io.RandomAccessFile.open(Native Method)
	at java.io.RandomAccessFile.<init>(Unknown Source)
	at com.objectdb.o.LFL.K(LFL.java:812)
	... 13 more

On Mon Mar 28 12:27:30 CST 2011:
[ObjectDB 2.1.1] javax.persistence.PersistenceException
Failed to open file 'D:\objectdb-2.1.1\db-files\db-files.odr' (error 115)
	at javax.swing.AbstractButton.fireActionPerformed(AbstractButton.java:1995)
	at javax.swing.AbstractButton$Handler.actionPerformed(AbstractButton.java:2318)
	at javax.swing.DefaultButtonModel.fireActionPerformed(DefaultButtonModel.java:387)
	at javax.swing.DefaultButtonModel.setPressed(DefaultButtonModel.java:242)
	at javax.swing.plaf.basic.BasicButtonListener.mouseReleased(BasicButtonListener.java:236)
	at java.awt.AWTEventMulticaster.mouseReleased(AWTEventMulticaster.java:272)
	at java.awt.AWTEventMulticaster.mouseReleased(AWTEventMulticaster.java:272)
	at java.awt.Component.processMouseEvent(Component.java:6267)
	at javax.swing.JComponent.processMouseEvent(JComponent.java:3267)
	at java.awt.Component.processEvent(Component.java:6032)
	at java.awt.Container.processEvent(Container.java:2041)
	at java.awt.Component.dispatchEventImpl(Component.java:4630)
	at java.awt.Container.dispatchEventImpl(Container.java:2099)
	at java.awt.Component.dispatchEvent(Component.java:4460)
	at java.awt.LightweightDispatcher.retargetMouseEvent(Container.java:4577)
	at java.awt.LightweightDispatcher.processMouseEvent(Container.java:4238)
	at java.awt.LightweightDispatcher.dispatchEvent(Container.java:4168)
	at java.awt.Container.dispatchEventImpl(Container.java:2085)
	at java.awt.Window.dispatchEventImpl(Window.java:2478)
	at java.awt.Component.dispatchEvent(Component.java:4460)
	at java.awt.EventQueue.dispatchEvent(EventQueue.java:599)
	at java.awt.EventDispatchThread.pumpOneEventForFilters(EventDispatchThread.java:269)
	at java.awt.EventDispatchThread.pumpEventsForFilter(EventDispatchThread.java:184)
	at java.awt.EventDispatchThread.pumpEventsForHierarchy(EventDispatchThread.java:174)
	at java.awt.EventDispatchThread.pumpEvents(EventDispatchThread.java:169)
	at java.awt.EventDispatchThread.pumpEvents(EventDispatchThread.java:161)
	at java.awt.EventDispatchThread.run(EventDispatchThread.java:122)
Caused by: com.objectdb.o.UserException: Failed to open file 'D:\objectdb-2.1.1\db-files\db-files.odr'
	at com.objectdb.o.MSG.d(MSG.java:74)
	at com.objectdb.o.LFL.V(LFL.java:1125)
	at com.objectdb.o.LFL.H(LFL.java:856)
	at com.objectdb.o.LFL.H(LFL.java:753)
	at com.objectdb.o.SFL.<init>(SFL.java:212)
	at com.objectdb.o.MST.<init>(MST.java:110)
	at com.objectdb.o.MST.aF(MST.java:95)
	at com.objectdb.o.MSF.UH(MSF.java:167)
	at com.objectdb.o.SHN.X(SHN.java:284)
	at com.objectdb.o.SHN.W(SHN.java:245)
	at com.objectdb.o.SHN.J(SHN.java:113)
	at com.objectdb.o.HND.run(HND.java:133)
	at java.lang.Thread.run(Unknown Source)
Caused by: java.io.FileNotFoundException: D:\objectdb-2.1.1\db-files\db-files.odr (Access is denied)
	at java.io.RandomAccessFile.open(Native Method)
	at java.io.RandomAccessFile.<init>(Unknown Source)
	at com.objectdb.o.LFL.H(LFL.java:839)
	... 10 more

On Mon Mar 28 12:27:33 CST 2011:
[ObjectDB 2.1.1] javax.persistence.PersistenceException
Failed to open file 'D:\objectdb-2.1.1\db-files\' (error 115)
	at javax.swing.AbstractButton.fireActionPerformed(AbstractButton.java:1995)
	at javax.swing.AbstractButton$Handler.actionPerformed(AbstractButton.java:2318)
	at javax.swing.DefaultButtonModel.fireActionPerformed(DefaultButtonModel.java:387)
	at javax.swing.DefaultButtonModel.setPressed(DefaultButtonModel.java:242)
	at javax.swing.plaf.basic.BasicButtonListener.mouseReleased(BasicButtonListener.java:236)
	at java.awt.AWTEventMulticaster.mouseReleased(AWTEventMulticaster.java:272)
	at java.awt.AWTEventMulticaster.mouseReleased(AWTEventMulticaster.java:272)
	at java.awt.Component.processMouseEvent(Component.java:6267)
	at javax.swing.JComponent.processMouseEvent(JComponent.java:3267)
	at java.awt.Component.processEvent(Component.java:6032)
	at java.awt.Container.processEvent(Container.java:2041)
	at java.awt.Component.dispatchEventImpl(Component.java:4630)
	at java.awt.Container.dispatchEventImpl(Container.java:2099)
	at java.awt.Component.dispatchEvent(Component.java:4460)
	at java.awt.LightweightDispatcher.retargetMouseEvent(Container.java:4577)
	at java.awt.LightweightDispatcher.processMouseEvent(Container.java:4238)
	at java.awt.LightweightDispatcher.dispatchEvent(Container.java:4168)
	at java.awt.Container.dispatchEventImpl(Container.java:2085)
	at java.awt.Window.dispatchEventImpl(Window.java:2478)
	at java.awt.Component.dispatchEvent(Component.java:4460)
	at java.awt.EventQueue.dispatchEvent(EventQueue.java:599)
	at java.awt.EventDispatchThread.pumpOneEventForFilters(EventDispatchThread.java:269)
	at java.awt.EventDispatchThread.pumpEventsForFilter(EventDispatchThread.java:184)
	at java.awt.EventDispatchThread.pumpEventsForHierarchy(EventDispatchThread.java:174)
	at java.awt.EventDispatchThread.pumpEvents(EventDispatchThread.java:169)
	at java.awt.EventDispatchThread.pumpEvents(EventDispatchThread.java:161)
	at java.awt.EventDispatchThread.run(EventDispatchThread.java:122)
Caused by: com.objectdb.o.UserException: Failed to open file 'D:\objectdb-2.1.1\db-files\'
	at com.objectdb.o.MSG.d(MSG.java:74)
	at com.objectdb.o.LFL.V(LFL.java:1125)
	at com.objectdb.o.LFL.H(LFL.java:856)
	at com.objectdb.o.LFL.H(LFL.java:753)
	at com.objectdb.o.SFL.<init>(SFL.java:212)
	at com.objectdb.o.MST.<init>(MST.java:110)
	at com.objectdb.o.MST.aF(MST.java:95)
	at com.objectdb.o.MSF.UH(MSF.java:167)
	at com.objectdb.o.SHN.X(SHN.java:284)
	at com.objectdb.o.SHN.W(SHN.java:245)
	at com.objectdb.o.SHN.J(SHN.java:113)
	at com.objectdb.o.HND.run(HND.java:133)
	at java.lang.Thread.run(Unknown Source)
Caused by: java.io.FileNotFoundException: D:\objectdb-2.1.1\db-files (Access is denied)
	at java.io.RandomAccessFile.open(Native Method)
	at java.io.RandomAccessFile.<init>(Unknown Source)
	at com.objectdb.o.LFL.H(LFL.java:839)
	... 10 more

On Mon Mar 28 12:27:36 CST 2011:
[ObjectDB 2.1.1] javax.persistence.PersistenceException
Failed to open file 'D:\objectdb-2.1.1\db-files\' (error 115)
	at javax.swing.AbstractButton.fireActionPerformed(AbstractButton.java:1995)
	at javax.swing.AbstractButton$Handler.actionPerformed(AbstractButton.java:2318)
	at javax.swing.DefaultButtonModel.fireActionPerformed(DefaultButtonModel.java:387)
	at javax.swing.DefaultButtonModel.setPressed(DefaultButtonModel.java:242)
	at javax.swing.plaf.basic.BasicButtonListener.mouseReleased(BasicButtonListener.java:236)
	at java.awt.AWTEventMulticaster.mouseReleased(AWTEventMulticaster.java:272)
	at java.awt.AWTEventMulticaster.mouseReleased(AWTEventMulticaster.java:272)
	at java.awt.Component.processMouseEvent(Component.java:6267)
	at javax.swing.JComponent.processMouseEvent(JComponent.java:3267)
	at java.awt.Component.processEvent(Component.java:6032)
	at java.awt.Container.processEvent(Container.java:2041)
	at java.awt.Component.dispatchEventImpl(Component.java:4630)
	at java.awt.Container.dispatchEventImpl(Container.java:2099)
	at java.awt.Component.dispatchEvent(Component.java:4460)
	at java.awt.LightweightDispatcher.retargetMouseEvent(Container.java:4577)
	at java.awt.LightweightDispatcher.processMouseEvent(Container.java:4238)
	at java.awt.LightweightDispatcher.dispatchEvent(Container.java:4168)
	at java.awt.Container.dispatchEventImpl(Container.java:2085)
	at java.awt.Window.dispatchEventImpl(Window.java:2478)
	at java.awt.Component.dispatchEvent(Component.java:4460)
	at java.awt.EventQueue.dispatchEvent(EventQueue.java:599)
	at java.awt.EventDispatchThread.pumpOneEventForFilters(EventDispatchThread.java:269)
	at java.awt.EventDispatchThread.pumpEventsForFilter(EventDispatchThread.java:184)
	at java.awt.EventDispatchThread.pumpEventsForHierarchy(EventDispatchThread.java:174)
	at java.awt.EventDispatchThread.pumpEvents(EventDispatchThread.java:169)
	at java.awt.EventDispatchThread.pumpEvents(EventDispatchThread.java:161)
	at java.awt.EventDispatchThread.run(EventDispatchThread.java:122)
Caused by: com.objectdb.o.UserException: Failed to open file 'D:\objectdb-2.1.1\db-files\'
	at com.objectdb.o.MSG.d(MSG.java:74)
	at com.objectdb.o.LFL.V(LFL.java:1125)
	at com.objectdb.o.LFL.H(LFL.java:856)
	at com.objectdb.o.LFL.H(LFL.java:753)
	at com.objectdb.o.SFL.<init>(SFL.java:212)
	at com.objectdb.o.MST.<init>(MST.java:110)
	at com.objectdb.o.MST.aF(MST.java:95)
	at com.objectdb.o.MSF.UH(MSF.java:167)
	at com.objectdb.o.SHN.X(SHN.java:284)
	at com.objectdb.o.SHN.W(SHN.java:245)
	at com.objectdb.o.SHN.J(SHN.java:113)
	at com.objectdb.o.HND.run(HND.java:133)
	at java.lang.Thread.run(Unknown Source)
Caused by: java.io.FileNotFoundException: D:\objectdb-2.1.1\db-files (Access is denied)
	at java.io.RandomAccessFile.open(Native Method)
	at java.io.RandomAccessFile.<init>(Unknown Source)
	at com.objectdb.o.LFL.H(LFL.java:839)
	... 10 more
