------------------------------------------------------------------------------------------------------------------------

[odb:type:warning] Type org.fxp.android.apk.ApkBean is not enhanced.
[odb:type:warning] Type org.fxp.crawler.bean.MarketBean is not enhanced.
[odb:type:warning] Type org.fxp.crawler.bean.CertBean is not enhanced.
[odb:type:warning] Type org.fxp.android.apk.manifest.AXMLItem is not enhanced.
------------------------------------------------------------------------------------------------------------------------

[odb:type:warning] Type org.fxp.android.apk.ApkBean is not enhanced.
[odb:type:warning] Type org.fxp.crawler.bean.MarketBean is not enhanced.
[odb:type:warning] Type org.fxp.crawler.bean.CertBean is not enhanced.
[odb:type:warning] Type org.fxp.android.apk.manifest.AXMLItem is not enhanced.
------------------------------------------------------------------------------------------------------------------------

[odb:type:warning] Type org.fxp.android.apk.ApkBean is not enhanced.
[odb:type:warning] Type org.fxp.crawler.bean.MarketBean is not enhanced.
[odb:type:warning] Type org.fxp.crawler.bean.CertBean is not enhanced.
[odb:type:warning] Type org.fxp.android.apk.manifest.AXMLItem is not enhanced.
------------------------------------------------------------------------------------------------------------------------

[odb:type:warning] Type org.fxp.android.apk.ApkBean is not enhanced.
[odb:type:warning] Type org.fxp.crawler.bean.MarketBean is not enhanced.
[odb:type:warning] Type org.fxp.crawler.bean.CertBean is not enhanced.
[odb:type:warning] Type org.fxp.android.apk.manifest.AXMLItem is not enhanced.
------------------------------------------------------------------------------------------------------------------------

[odb:type:warning] Type org.fxp.android.apk.ApkBean is not enhanced.
[odb:type:warning] Type org.fxp.crawler.bean.MarketBean is not enhanced.
[odb:type:warning] Type org.fxp.crawler.bean.CertBean is not enhanced.
[odb:type:warning] Type org.fxp.android.apk.manifest.AXMLItem is not enhanced.
------------------------------------------------------------------------------------------------------------------------

[odb:type:warning] Type org.fxp.android.apk.ApkBean is not enhanced.
[odb:type:warning] Type org.fxp.crawler.bean.MarketBean is not enhanced.
[odb:type:warning] Type org.fxp.crawler.bean.CertBean is not enhanced.
[odb:type:warning] Type org.fxp.android.apk.manifest.AXMLItem is not enhanced.
------------------------------------------------------------------------------------------------------------------------

[odb:type:warning] Type org.fxp.android.apk.ApkBean is not enhanced.
[odb:type:warning] Type org.fxp.crawler.bean.MarketBean is not enhanced.
[odb:type:warning] Type org.fxp.crawler.bean.CertBean is not enhanced.
[odb:type:warning] Type org.fxp.android.apk.manifest.AXMLItem is not enhanced.
------------------------------------------------------------------------------------------------------------------------

[odb:type:warning] Type org.fxp.android.apk.ApkBean is not enhanced.
[odb:type:warning] Type org.fxp.crawler.bean.MarketBean is not enhanced.
[odb:type:warning] Type org.fxp.crawler.bean.CertBean is not enhanced.
[odb:type:warning] Type org.fxp.android.apk.manifest.AXMLItem is not enhanced.
------------------------------------------------------------------------------------------------------------------------

[odb:type:warning] Type org.fxp.android.apk.ApkBean is not enhanced.
[odb:type:warning] Type org.fxp.crawler.bean.MarketBean is not enhanced.
[odb:type:warning] Type org.fxp.crawler.bean.CertBean is not enhanced.
[odb:type:warning] Type org.fxp.android.apk.manifest.AXMLItem is not enhanced.
------------------------------------------------------------------------------------------------------------------------

[odb:type:warning] Type org.fxp.android.apk.ApkBean is not enhanced.
[odb:type:warning] Type org.fxp.crawler.bean.MarketBean is not enhanced.
[odb:type:warning] Type org.fxp.crawler.bean.CertBean is not enhanced.
[odb:type:warning] Type org.fxp.android.apk.manifest.AXMLItem is not enhanced.
------------------------------------------------------------------------------------------------------------------------

[odb:type:warning] Type org.fxp.android.apk.ApkBean is not enhanced.
[odb:type:warning] Type org.fxp.crawler.bean.MarketBean is not enhanced.
[odb:type:warning] Type org.fxp.crawler.bean.CertBean is not enhanced.
[odb:type:warning] Type org.fxp.android.apk.manifest.AXMLItem is not enhanced.
------------------------------------------------------------------------------------------------------------------------

[odb:type:warning] Type org.fxp.android.apk.ApkBean is not enhanced.
[odb:type:warning] Type org.fxp.crawler.bean.MarketBean is not enhanced.
[odb:type:warning] Type org.fxp.crawler.bean.CertBean is not enhanced.
[odb:type:warning] Type org.fxp.android.apk.manifest.AXMLItem is not enhanced.
------------------------------------------------------------------------------------------------------------------------

[odb:type:warning] Type org.fxp.android.apk.ApkBean is not enhanced.
[odb:type:warning] Type org.fxp.crawler.bean.MarketBean is not enhanced.
[odb:type:warning] Type org.fxp.crawler.bean.CertBean is not enhanced.
[odb:type:warning] Type org.fxp.android.apk.manifest.AXMLItem is not enhanced.
------------------------------------------------------------------------------------------------------------------------

[odb:type:warning] Type org.fxp.android.apk.ApkBean is not enhanced.
[odb:type:warning] Type org.fxp.crawler.bean.MarketBean is not enhanced.
[odb:type:warning] Type org.fxp.crawler.bean.CertBean is not enhanced.
[odb:type:warning] Type org.fxp.android.apk.manifest.AXMLItem is not enhanced.
------------------------------------------------------------------------------------------------------------------------

[odb:type:warning] Type org.fxp.android.apk.ApkBean is not enhanced.
[odb:type:warning] Type org.fxp.crawler.bean.MarketBean is not enhanced.
[odb:type:warning] Type org.fxp.crawler.bean.CertBean is not enhanced.
[odb:type:warning] Type org.fxp.android.apk.manifest.AXMLItem is not enhanced.
------------------------------------------------------------------------------------------------------------------------

[odb:type:warning] Type org.fxp.android.apk.ApkBean is not enhanced.
[odb:type:warning] Type org.fxp.crawler.bean.MarketBean is not enhanced.
[odb:type:warning] Type org.fxp.crawler.bean.CertBean is not enhanced.
[odb:type:warning] Type org.fxp.android.apk.manifest.AXMLItem is not enhanced.
------------------------------------------------------------------------------------------------------------------------

[odb:type:warning] Type org.fxp.android.apk.ApkBean is not enhanced.
[odb:type:warning] Type org.fxp.crawler.bean.MarketBean is not enhanced.
[odb:type:warning] Type org.fxp.crawler.bean.CertBean is not enhanced.
[odb:type:warning] Type org.fxp.android.apk.manifest.AXMLItem is not enhanced.
------------------------------------------------------------------------------------------------------------------------

[odb:type:warning] Type org.fxp.android.apk.ApkBean is not enhanced.
[odb:type:warning] Type org.fxp.crawler.bean.MarketBean is not enhanced.
[odb:type:warning] Type org.fxp.crawler.bean.CertBean is not enhanced.
[odb:type:warning] Type org.fxp.android.apk.manifest.AXMLItem is not enhanced.
------------------------------------------------------------------------------------------------------------------------

[odb:type:warning] Type org.fxp.android.apk.ApkBean is not enhanced.
[odb:type:warning] Type org.fxp.crawler.bean.MarketBean is not enhanced.
[odb:type:warning] Type org.fxp.crawler.bean.CertBean is not enhanced.
[odb:type:warning] Type org.fxp.android.apk.manifest.AXMLItem is not enhanced.
------------------------------------------------------------------------------------------------------------------------

[odb:type:warning] Type org.fxp.android.apk.ApkBean is not enhanced.
[odb:type:warning] Type org.fxp.crawler.bean.MarketBean is not enhanced.
[odb:type:warning] Type org.fxp.crawler.bean.CertBean is not enhanced.
[odb:type:warning] Type org.fxp.android.apk.manifest.AXMLItem is not enhanced.
------------------------------------------------------------------------------------------------------------------------

[odb:type:warning] Type org.fxp.android.apk.ApkBean is not enhanced.
[odb:type:warning] Type org.fxp.crawler.bean.MarketBean is not enhanced.
[odb:type:warning] Type org.fxp.crawler.bean.CertBean is not enhanced.
[odb:type:warning] Type org.fxp.android.apk.manifest.AXMLItem is not enhanced.
------------------------------------------------------------------------------------------------------------------------

[odb:type:warning] Type org.fxp.android.apk.ApkBean is not enhanced.
[odb:type:warning] Type org.fxp.crawler.bean.MarketBean is not enhanced.
[odb:type:warning] Type org.fxp.crawler.bean.CertBean is not enhanced.
[odb:type:warning] Type org.fxp.android.apk.manifest.AXMLItem is not enhanced.
------------------------------------------------------------------------------------------------------------------------

[odb:type:warning] Type org.fxp.android.apk.ApkBean is not enhanced.
[odb:type:warning] Type org.fxp.crawler.bean.MarketBean is not enhanced.
[odb:type:warning] Type org.fxp.crawler.bean.CertBean is not enhanced.
[odb:type:warning] Type org.fxp.android.apk.manifest.AXMLItem is not enhanced.
------------------------------------------------------------------------------------------------------------------------

[odb:type:warning] Type org.fxp.android.apk.ApkBean is not enhanced.
[odb:type:warning] Type org.fxp.crawler.bean.MarketBean is not enhanced.
[odb:type:warning] Type org.fxp.crawler.bean.CertBean is not enhanced.
[odb:type:warning] Type org.fxp.android.apk.manifest.AXMLItem is not enhanced.
------------------------------------------------------------------------------------------------------------------------

[odb:type:warning] Type org.fxp.android.apk.ApkBean is not enhanced.
[odb:type:warning] Type org.fxp.crawler.bean.MarketBean is not enhanced.
[odb:type:warning] Type org.fxp.crawler.bean.CertBean is not enhanced.
[odb:type:warning] Type org.fxp.android.apk.manifest.AXMLItem is not enhanced.
------------------------------------------------------------------------------------------------------------------------

[odb:type:warning] Type org.fxp.android.apk.ApkBean is not enhanced.
[odb:type:warning] Type org.fxp.crawler.bean.MarketBean is not enhanced.
[odb:type:warning] Type org.fxp.crawler.bean.CertBean is not enhanced.
[odb:type:warning] Type org.fxp.android.apk.manifest.AXMLItem is not enhanced.
------------------------------------------------------------------------------------------------------------------------

[odb:type:warning] Type org.fxp.android.apk.ApkBean is not enhanced.
[odb:type:warning] Type org.fxp.crawler.bean.MarketBean is not enhanced.
[odb:type:warning] Type org.fxp.crawler.bean.CertBean is not enhanced.
[odb:type:warning] Type org.fxp.android.apk.manifest.AXMLItem is not enhanced.
------------------------------------------------------------------------------------------------------------------------

[odb:type:warning] Type org.fxp.android.apk.ApkBean is not enhanced.
[odb:type:warning] Type org.fxp.crawler.bean.MarketBean is not enhanced.
[odb:type:warning] Type org.fxp.crawler.bean.CertBean is not enhanced.
[odb:type:warning] Type org.fxp.android.apk.manifest.AXMLItem is not enhanced.
------------------------------------------------------------------------------------------------------------------------

[odb:type:warning] Type org.fxp.android.apk.ApkBean is not enhanced.
[odb:type:warning] Type org.fxp.crawler.bean.MarketBean is not enhanced.
[odb:type:warning] Type org.fxp.crawler.bean.CertBean is not enhanced.
[odb:type:warning] Type org.fxp.android.apk.manifest.AXMLItem is not enhanced.
------------------------------------------------------------------------------------------------------------------------

[odb:type:warning] Type org.fxp.android.apk.ApkBean is not enhanced.
[odb:type:warning] Type org.fxp.crawler.bean.MarketBean is not enhanced.
[odb:type:warning] Type org.fxp.crawler.bean.CertBean is not enhanced.
[odb:type:warning] Type org.fxp.android.apk.manifest.AXMLItem is not enhanced.
------------------------------------------------------------------------------------------------------------------------

[odb:type:warning] Type org.fxp.android.apk.ApkBean is not enhanced.
[odb:type:warning] Type org.fxp.crawler.bean.MarketBean is not enhanced.
[odb:type:warning] Type org.fxp.crawler.bean.CertBean is not enhanced.
[odb:type:warning] Type org.fxp.android.apk.manifest.AXMLItem is not enhanced.
------------------------------------------------------------------------------------------------------------------------

[odb:type:warning] Type org.fxp.android.apk.ApkBean is not enhanced.
[odb:type:warning] Type org.fxp.crawler.bean.MarketBean is not enhanced.
[odb:type:warning] Type org.fxp.crawler.bean.CertBean is not enhanced.
[odb:type:warning] Type org.fxp.android.apk.manifest.AXMLItem is not enhanced.
------------------------------------------------------------------------------------------------------------------------

[odb:type:warning] Type org.fxp.android.apk.ApkBean is not enhanced.
[odb:type:warning] Type org.fxp.crawler.bean.MarketBean is not enhanced.
[odb:type:warning] Type org.fxp.crawler.bean.CertBean is not enhanced.
[odb:type:warning] Type org.fxp.android.apk.manifest.AXMLItem is not enhanced.
------------------------------------------------------------------------------------------------------------------------

[odb:type:warning] Type org.fxp.android.apk.ApkBean is not enhanced.
[odb:type:warning] Type org.fxp.crawler.bean.MarketBean is not enhanced.
[odb:type:warning] Type org.fxp.crawler.bean.CertBean is not enhanced.
[odb:type:warning] Type org.fxp.android.apk.manifest.AXMLItem is not enhanced.
------------------------------------------------------------------------------------------------------------------------

[odb:type:warning] Type org.fxp.android.apk.ApkBean is not enhanced.
[odb:type:warning] Type org.fxp.crawler.bean.MarketBean is not enhanced.
[odb:type:warning] Type org.fxp.crawler.bean.CertBean is not enhanced.
[odb:type:warning] Type org.fxp.android.apk.manifest.AXMLItem is not enhanced.
------------------------------------------------------------------------------------------------------------------------

[odb:type:warning] Type org.fxp.android.apk.ApkBean is not enhanced.
[odb:type:warning] Type org.fxp.crawler.bean.MarketBean is not enhanced.
[odb:type:warning] Type org.fxp.crawler.bean.CertBean is not enhanced.
[odb:type:warning] Type org.fxp.android.apk.manifest.AXMLItem is not enhanced.
------------------------------------------------------------------------------------------------------------------------

[odb:type:warning] Type org.fxp.android.apk.ApkBean is not enhanced.
[odb:type:warning] Type org.fxp.crawler.bean.MarketBean is not enhanced.
[odb:type:warning] Type org.fxp.crawler.bean.CertBean is not enhanced.
[odb:type:warning] Type org.fxp.android.apk.manifest.AXMLItem is not enhanced.
------------------------------------------------------------------------------------------------------------------------

[odb:type:warning] Type org.fxp.android.apk.ApkBean is not enhanced.
[odb:type:warning] Type org.fxp.crawler.bean.MarketBean is not enhanced.
[odb:type:warning] Type org.fxp.crawler.bean.CertBean is not enhanced.
[odb:type:warning] Type org.fxp.android.apk.manifest.AXMLItem is not enhanced.
------------------------------------------------------------------------------------------------------------------------

[odb:type:warning] Type org.fxp.android.apk.ApkBean is not enhanced.
[odb:type:warning] Type org.fxp.crawler.bean.MarketBean is not enhanced.
[odb:type:warning] Type org.fxp.crawler.bean.CertBean is not enhanced.
[odb:type:warning] Type org.fxp.android.apk.manifest.AXMLItem is not enhanced.
------------------------------------------------------------------------------------------------------------------------

[odb:type:warning] Type org.fxp.android.apk.ApkBean is not enhanced.
[odb:type:warning] Type org.fxp.crawler.bean.MarketBean is not enhanced.
[odb:type:warning] Type org.fxp.crawler.bean.CertBean is not enhanced.
[odb:type:warning] Type org.fxp.android.apk.manifest.AXMLItem is not enhanced.
------------------------------------------------------------------------------------------------------------------------

[odb:type:warning] Type org.fxp.android.apk.ApkBean is not enhanced.
[odb:type:warning] Type org.fxp.crawler.bean.MarketBean is not enhanced.
[odb:type:warning] Type org.fxp.crawler.bean.CertBean is not enhanced.
[odb:type:warning] Type org.fxp.android.apk.manifest.AXMLItem is not enhanced.
------------------------------------------------------------------------------------------------------------------------

[odb:type:warning] Type org.fxp.android.apk.ApkBean is not enhanced.
[odb:type:warning] Type org.fxp.crawler.bean.MarketBean is not enhanced.
[odb:type:warning] Type org.fxp.crawler.bean.CertBean is not enhanced.
[odb:type:warning] Type org.fxp.android.apk.manifest.AXMLItem is not enhanced.
------------------------------------------------------------------------------------------------------------------------

[odb:store.file:info] Copying database file D:\Workspace\MarketRobbot\market.db\$objectdb\apk.odb -> D:\Workspace\MarketRobbot\market.db\$objectdb\apk.odr\1.odb...
[odb:store.file:info] Copying database file completed.
[odb:store:info] Database 'D:\Workspace\MarketRobbot\market.db\$objectdb\apk.odb' is opened by 2736@Admin-PC
------------------------------------------------------------------------------------------------------------------------

[odb:store.file:info] Copying database file D:\Workspace\MarketRobbot\market.db\$objectdb\apk.odr\1.odb -> D:\Workspace\MarketRobbot\market.db\2.odb...
[odb:store.file:info] Copying database file completed.
[odb:store.file:info] Replay started [target transaction: 2]
[odb:store.file:info] Databased restored to transaction 2
[odb:store:info] Database 'D:\Workspace\MarketRobbot\market.db\$objectdb\apk.odb' is opened by 5976@Admin-PC
------------------------------------------------------------------------------------------------------------------------

[odb:store.file:info] Copying database file D:\Workspace\MarketRobbot\market.db\$objectdb\apk.odr\1.odb -> D:\Workspace\MarketRobbot\market.db\2.odb...
[odb:store.file:info] Copying database file completed.
[odb:store.file:info] Replay started [target transaction: 2]
[odb:store.file:info] Databased restored to transaction 2
[odb:store:info] Database 'D:\Workspace\MarketRobbot\market.db\$objectdb\apk.odb' is opened by 3524@Admin-PC
[odb:store:info] Database 'D:\Workspace\MarketRobbot\market.db\$objectdb\apk.odb' is closed by 3524@Admin-PC
------------------------------------------------------------------------------------------------------------------------

[odb:store:info] Database 'D:\Workspace\MarketRobbot\market.db\$objectdb\apk.odb' is opened by 268@Admin-PC
------------------------------------------------------------------------------------------------------------------------

[odb:store.file:info] Copying database file E:\apk_yingyonghui\$objectdb\apk.odb -> E:\apk_yingyonghui\$objectdb\apk.odr\1.odb...
[odb:store.file:info] Copying database file completed.
[odb:store:info] Database 'E:\apk_yingyonghui\$objectdb\apk.odb' is opened by 1992@Admin-PC
------------------------------------------------------------------------------------------------------------------------

[odb:store.file:info] Copying database file E:\apk_yingyonghui\marketdb\apk.odb -> E:\apk_yingyonghui\marketdb\apk.odr\1.odb...
[odb:store.file:info] Copying database file completed.
[odb:store:info] Database 'E:\apk_yingyonghui\marketdb\apk.odb' is opened by 2248@Admin-PC
------------------------------------------------------------------------------------------------------------------------

[odb:store.file:info] Copying database file G:\apkDownload\aimi8\marketdb\apk.odb -> G:\apkDownload\aimi8\marketdb\apk.odr\1.odb...
[odb:store.file:info] Copying database file completed.
[odb:store:info] Database 'G:\apkDownload\aimi8\marketdb\apk.odb' is opened by 5236@Admin-PC
[odb:type:warning] Type org.fxp.android.apk.ApkBean is not enhanced.
[odb:type:warning] Type org.fxp.crawler.bean.MarketBean is not enhanced.
[odb:type:warning] Type org.fxp.crawler.bean.CertBean is not enhanced.
[odb:type:warning] Type org.fxp.android.apk.manifest.AXMLItem is not enhanced.
[odb:store:info] Database 'G:\apkDownload\aimi8\marketdb\apk.odb' is closed by 5236@Admin-PC
------------------------------------------------------------------------------------------------------------------------

[odb:store.file:info] Copying database file G:\apkDownload\goapk\marketdb\apk.odb -> G:\apkDownload\goapk\marketdb\apk.odr\1.odb...
[odb:store.file:info] Copying database file completed.
[odb:store:info] Database 'G:\apkDownload\goapk\marketdb\apk.odb' is opened by 1224@Admin-PC
------------------------------------------------------------------------------------------------------------------------

[odb:store:info] Database 'G:\apkDownload\aimi8\marketdb\apk.odb' is opened by 1964@Admin-PC
------------------------------------------------------------------------------------------------------------------------

[odb:store.file:info] Copying database file G:\apkDownload\apk_yingyonghui\marketapps\apps.a\002.The_Weather_Channel\marketdb\apk.odb -> G:\apkDownload\apk_yingyonghui\marketapps\apps.a\002.The_Weather_Channel\marketdb\apk.odr\1.odb...
[odb:store.file:info] Copying database file completed.
[odb:store:info] Database 'G:\apkDownload\apk_yingyonghui\marketapps\apps.a\002.The_Weather_Channel\marketdb\apk.odb' is opened by 2964@Admin-PC
[odb:type:warning] Type org.fxp.android.apk.ApkBean is not enhanced.
[odb:type:warning] Type org.fxp.crawler.bean.MarketBean is not enhanced.
[odb:type:warning] Type org.fxp.crawler.bean.CertBean is not enhanced.
[odb:type:warning] Type org.fxp.android.apk.manifest.AXMLItem is not enhanced.
------------------------------------------------------------------------------------------------------------------------

[odb:store.file:info] Copying database file G:\apkDownload\apk_yingyonghui\marketapps\apps.a\002.The_Weather_Channel\marketdb\apk.odr\1.odb -> G:\apkDownload\apk_yingyonghui\marketapps\apps.a\002.The_Weather_Channel\3.odb...
[odb:store.file:info] Copying database file completed.
[odb:store.file:info] Replay started [target transaction: 3]
[odb:type:warning] Type org.fxp.android.apk.ApkBean is not enhanced.
[odb:type:warning] Type org.fxp.crawler.bean.MarketBean is not enhanced.
[odb:type:warning] Type org.fxp.crawler.bean.CertBean is not enhanced.
[odb:type:warning] Type org.fxp.android.apk.manifest.AXMLItem is not enhanced.
[odb:store.file:info] Databased restored to transaction 3
[odb:store:info] Database 'G:\apkDownload\apk_yingyonghui\marketapps\apps.a\002.The_Weather_Channel\marketdb\apk.odb' is opened by 1712@Admin-PC
[odb:store:info] Database 'G:\apkDownload\apk_yingyonghui\marketapps\apps.a\002.The_Weather_Channel\marketdb\apk.odb' is closed by 1712@Admin-PC
------------------------------------------------------------------------------------------------------------------------

[odb:store:info] Database 'G:\apkDownload\apk_yingyonghui\marketapps\apps.a\002.The_Weather_Channel\marketdb\apk.odb' is opened by 5536@Admin-PC
[odb:type:warning] Type org.fxp.android.apk.ApkBean is not enhanced.
[odb:type:warning] Type org.fxp.crawler.bean.MarketBean is not enhanced.
[odb:type:warning] Type org.fxp.crawler.bean.CertBean is not enhanced.
[odb:type:warning] Type org.fxp.android.apk.manifest.AXMLItem is not enhanced.
[odb:store:info] Database 'G:\apkDownload\aimi8\marketdb\apk.odb' is closed by 1964@Admin-PC
[odb:type:warning] Type org.fxp.android.apk.ApkBean is not enhanced.
[odb:type:warning] Type org.fxp.crawler.bean.MarketBean is not enhanced.
[odb:type:warning] Type org.fxp.crawler.bean.CertBean is not enhanced.
[odb:type:warning] Type org.fxp.android.apk.manifest.AXMLItem is not enhanced.
[odb:store:info] Database 'G:\apkDownload\goapk\marketdb\apk.odb' is closed by 1224@Admin-PC
[odb:store.file:info] Copying database file G:\apkDownload\nduoa\marketdb\apk.odb -> G:\apkDownload\nduoa\marketdb\apk.odr\1.odb...
[odb:store.file:info] Copying database file completed.
[odb:store:info] Database 'G:\apkDownload\nduoa\marketdb\apk.odb' is opened by 1224@Admin-PC
[odb:store:info] Database 'G:\apkDownload\nduoa\marketdb\apk.odb' is closed by 1224@Admin-PC
------------------------------------------------------------------------------------------------------------------------

[odb:store.file:info] Copying database file G:\apkDownload\apk_yingyonghui\marketdb\apk.odb -> G:\apkDownload\apk_yingyonghui\marketdb\apk.odr\1.odb...
[odb:store.file:info] Copying database file completed.
[odb:store:info] Database 'G:\apkDownload\apk_yingyonghui\marketdb\apk.odb' is opened by 6116@Admin-PC
------------------------------------------------------------------------------------------------------------------------

[odb:store:info] Database 'G:\apkDownload\aimi8\marketdb\apk.odb' is opened by 5468@Admin-PC
[odb:type:warning] Type org.fxp.android.apk.ApkBean is not enhanced.
[odb:type:warning] Type org.fxp.crawler.bean.MarketBean is not enhanced.
[odb:type:warning] Type org.fxp.crawler.bean.CertBean is not enhanced.
[odb:type:warning] Type org.fxp.android.apk.manifest.AXMLItem is not enhanced.
------------------------------------------------------------------------------------------------------------------------

[odb:store:info] Database 'G:\apkDownload\aimi8\marketdb\apk.odb' is opened by 848@Admin-PC
[odb:type:warning] Type org.fxp.android.apk.ApkBean is not enhanced.
[odb:type:warning] Type org.fxp.crawler.bean.MarketBean is not enhanced.
[odb:type:warning] Type org.fxp.crawler.bean.CertBean is not enhanced.
[odb:type:warning] Type org.fxp.android.apk.manifest.AXMLItem is not enhanced.
------------------------------------------------------------------------------------------------------------------------

[odb:store:info] Database 'G:\apkDownload\aimi8\marketdb\apk.odb' is opened by 3968@Admin-PC
[odb:type:warning] Type org.fxp.android.apk.ApkBean is not enhanced.
[odb:type:warning] Type org.fxp.crawler.bean.MarketBean is not enhanced.
[odb:type:warning] Type org.fxp.crawler.bean.CertBean is not enhanced.
[odb:type:warning] Type org.fxp.android.apk.manifest.AXMLItem is not enhanced.
------------------------------------------------------------------------------------------------------------------------

[odb:store:info] Database 'G:\apkDownload\aimi8\marketdb\apk.odb' is opened by 5848@Admin-PC
[odb:type:warning] Type org.fxp.android.apk.ApkBean is not enhanced.
[odb:type:warning] Type org.fxp.crawler.bean.MarketBean is not enhanced.
[odb:type:warning] Type org.fxp.crawler.bean.CertBean is not enhanced.
[odb:type:warning] Type org.fxp.android.apk.manifest.AXMLItem is not enhanced.
------------------------------------------------------------------------------------------------------------------------

[odb:store:info] Database 'G:\apkDownload\aimi8\marketdb\apk.odb' is opened by 5580@Admin-PC
[odb:type:warning] Type org.fxp.android.apk.ApkBean is not enhanced.
[odb:type:warning] Type org.fxp.crawler.bean.MarketBean is not enhanced.
[odb:type:warning] Type org.fxp.crawler.bean.CertBean is not enhanced.
[odb:type:warning] Type org.fxp.android.apk.manifest.AXMLItem is not enhanced.
------------------------------------------------------------------------------------------------------------------------

[odb:store:info] Database 'G:\apkDownload\aimi8\marketdb\apk.odb' is opened by 1796@Admin-PC
[odb:type:warning] Type org.fxp.android.apk.ApkBean is not enhanced.
[odb:type:warning] Type org.fxp.crawler.bean.MarketBean is not enhanced.
[odb:type:warning] Type org.fxp.crawler.bean.CertBean is not enhanced.
[odb:type:warning] Type org.fxp.android.apk.manifest.AXMLItem is not enhanced.
[odb:store:info] Database 'G:\apkDownload\goapk\marketdb\apk.odb' is opened by 1796@Admin-PC
[odb:store:info] Database 'G:\apkDownload\nduoa\marketdb\apk.odb' is opened by 1796@Admin-PC
------------------------------------------------------------------------------------------------------------------------

[odb:store:info] Database 'G:\apkDownload\aimi8\marketdb\apk.odb' is opened by 4840@Admin-PC
[odb:type:warning] Type org.fxp.android.apk.ApkBean is not enhanced.
[odb:type:warning] Type org.fxp.crawler.bean.MarketBean is not enhanced.
[odb:type:warning] Type org.fxp.crawler.bean.CertBean is not enhanced.
[odb:type:warning] Type org.fxp.android.apk.manifest.AXMLItem is not enhanced.
[odb:store:info] Database 'G:\apkDownload\goapk\marketdb\apk.odb' is opened by 4840@Admin-PC
[odb:store:info] Database 'G:\apkDownload\nduoa\marketdb\apk.odb' is opened by 4840@Admin-PC
------------------------------------------------------------------------------------------------------------------------

[odb:store:info] Database 'G:\apkDownload\aimi8\marketdb\apk.odb' is opened by 5996@Admin-PC
[odb:type:warning] Type org.fxp.android.apk.ApkBean is not enhanced.
[odb:type:warning] Type org.fxp.crawler.bean.MarketBean is not enhanced.
[odb:type:warning] Type org.fxp.crawler.bean.CertBean is not enhanced.
[odb:type:warning] Type org.fxp.android.apk.manifest.AXMLItem is not enhanced.
[odb:store:info] Database 'G:\apkDownload\goapk\marketdb\apk.odb' is opened by 5996@Admin-PC
[odb:store:info] Database 'G:\apkDownload\nduoa\marketdb\apk.odb' is opened by 5996@Admin-PC
------------------------------------------------------------------------------------------------------------------------

[odb:store:info] Database 'G:\apkDownload\aimi8\marketdb\apk.odb' is opened by 5844@Admin-PC
[odb:type:warning] Type org.fxp.android.apk.ApkBean is not enhanced.
[odb:type:warning] Type org.fxp.crawler.bean.MarketBean is not enhanced.
[odb:type:warning] Type org.fxp.crawler.bean.CertBean is not enhanced.
[odb:type:warning] Type org.fxp.android.apk.manifest.AXMLItem is not enhanced.
[odb:store:info] Database 'G:\apkDownload\goapk\marketdb\apk.odb' is opened by 5844@Admin-PC
[odb:store:info] Database 'G:\apkDownload\nduoa\marketdb\apk.odb' is opened by 5844@Admin-PC
------------------------------------------------------------------------------------------------------------------------

[odb:store:info] Database 'G:\apkDownload\aimi8\marketdb\apk.odb' is opened by 5408@Admin-PC
[odb:type:warning] Type org.fxp.android.apk.ApkBean is not enhanced.
[odb:type:warning] Type org.fxp.crawler.bean.MarketBean is not enhanced.
[odb:type:warning] Type org.fxp.crawler.bean.CertBean is not enhanced.
[odb:type:warning] Type org.fxp.android.apk.manifest.AXMLItem is not enhanced.
------------------------------------------------------------------------------------------------------------------------

[odb:store:info] Database 'G:\apkDownload\aimi8\marketdb\apk.odb' is opened by 4608@Admin-PC
[odb:type:warning] Type org.fxp.android.apk.ApkBean is not enhanced.
[odb:type:warning] Type org.fxp.crawler.bean.MarketBean is not enhanced.
[odb:type:warning] Type org.fxp.crawler.bean.CertBean is not enhanced.
[odb:type:warning] Type org.fxp.android.apk.manifest.AXMLItem is not enhanced.
------------------------------------------------------------------------------------------------------------------------

[odb:store:info] Database 'G:\apkDownload\aimi8\marketdb\apk.odb' is opened by 2864@Admin-PC
[odb:type:warning] Type org.fxp.android.apk.ApkBean is not enhanced.
[odb:type:warning] Type org.fxp.crawler.bean.MarketBean is not enhanced.
[odb:type:warning] Type org.fxp.crawler.bean.CertBean is not enhanced.
[odb:type:warning] Type org.fxp.android.apk.manifest.AXMLItem is not enhanced.
